{"meta": {"format": 3, "version": "7.8.0", "timestamp": "2025-05-14T09:19:16.404305", "branch_coverage": true, "show_contexts": false}, "files": {"src/radios/__init__.py": {"executed_lines": [1, 3, 4, 9, 10, 12], "summary": {"covered_lines": 5, "num_statements": 5, "percent_covered": 100.0, "percent_covered_display": "100", "missing_lines": 0, "excluded_lines": 0, "num_branches": 0, "num_partial_branches": 0, "covered_branches": 0, "missing_branches": 0}, "missing_lines": [], "excluded_lines": [], "executed_branches": [], "missing_branches": [], "functions": {"": {"executed_lines": [1, 3, 4, 9, 10, 12], "summary": {"covered_lines": 5, "num_statements": 5, "percent_covered": 100.0, "percent_covered_display": "100", "missing_lines": 0, "excluded_lines": 0, "num_branches": 0, "num_partial_branches": 0, "covered_branches": 0, "missing_branches": 0}, "missing_lines": [], "excluded_lines": [], "executed_branches": [], "missing_branches": []}}, "classes": {"": {"executed_lines": [1, 3, 4, 9, 10, 12], "summary": {"covered_lines": 5, "num_statements": 5, "percent_covered": 100.0, "percent_covered_display": "100", "missing_lines": 0, "excluded_lines": 0, "num_branches": 0, "num_partial_branches": 0, "covered_branches": 0, "missing_branches": 0}, "missing_lines": [], "excluded_lines": [], "executed_branches": [], "missing_branches": []}}}, "src/radios/const.py": {"executed_lines": [1, 3, 6, 7, 9, 10, 11, 12, 13, 14, 15, 16, 17, 18, 19, 20, 21, 22, 23, 24, 25, 26, 27, 28, 31, 32, 34, 35, 36, 37, 38, 39, 40, 41, 42, 43, 44, 45, 46, 47], "summary": {"covered_lines": 37, "num_statements": 37, "percent_covered": 100.0, "percent_covered_display": "100", "missing_lines": 0, "excluded_lines": 0, "num_branches": 0, "num_partial_branches": 0, "covered_branches": 0, "missing_branches": 0}, "missing_lines": [], "excluded_lines": [], "executed_branches": [], "missing_branches": [], "functions": {"": {"executed_lines": [1, 3, 6, 7, 9, 10, 11, 12, 13, 14, 15, 16, 17, 18, 19, 20, 21, 22, 23, 24, 25, 26, 27, 28, 31, 32, 34, 35, 36, 37, 38, 39, 40, 41, 42, 43, 44, 45, 46, 47], "summary": {"covered_lines": 37, "num_statements": 37, "percent_covered": 100.0, "percent_covered_display": "100", "missing_lines": 0, "excluded_lines": 0, "num_branches": 0, "num_partial_branches": 0, "covered_branches": 0, "missing_branches": 0}, "missing_lines": [], "excluded_lines": [], "executed_branches": [], "missing_branches": []}}, "classes": {"Order": {"executed_lines": [], "summary": {"covered_lines": 0, "num_statements": 0, "percent_covered": 100.0, "percent_covered_display": "100", "missing_lines": 0, "excluded_lines": 0, "num_branches": 0, "num_partial_branches": 0, "covered_branches": 0, "missing_branches": 0}, "missing_lines": [], "excluded_lines": [], "executed_branches": [], "missing_branches": []}, "FilterBy": {"executed_lines": [], "summary": {"covered_lines": 0, "num_statements": 0, "percent_covered": 100.0, "percent_covered_display": "100", "missing_lines": 0, "excluded_lines": 0, "num_branches": 0, "num_partial_branches": 0, "covered_branches": 0, "missing_branches": 0}, "missing_lines": [], "excluded_lines": [], "executed_branches": [], "missing_branches": []}, "": {"executed_lines": [1, 3, 6, 7, 9, 10, 11, 12, 13, 14, 15, 16, 17, 18, 19, 20, 21, 22, 23, 24, 25, 26, 27, 28, 31, 32, 34, 35, 36, 37, 38, 39, 40, 41, 42, 43, 44, 45, 46, 47], "summary": {"covered_lines": 37, "num_statements": 37, "percent_covered": 100.0, "percent_covered_display": "100", "missing_lines": 0, "excluded_lines": 0, "num_branches": 0, "num_partial_branches": 0, "covered_branches": 0, "missing_branches": 0}, "missing_lines": [], "excluded_lines": [], "executed_branches": [], "missing_branches": []}}}, "src/radios/exceptions.py": {"executed_lines": [1, 4, 5, 8, 9, 12, 13], "summary": {"covered_lines": 3, "num_statements": 3, "percent_covered": 100.0, "percent_covered_display": "100", "missing_lines": 0, "excluded_lines": 0, "num_branches": 0, "num_partial_branches": 0, "covered_branches": 0, "missing_branches": 0}, "missing_lines": [], "excluded_lines": [], "executed_branches": [], "missing_branches": [], "functions": {"": {"executed_lines": [1, 4, 5, 8, 9, 12, 13], "summary": {"covered_lines": 3, "num_statements": 3, "percent_covered": 100.0, "percent_covered_display": "100", "missing_lines": 0, "excluded_lines": 0, "num_branches": 0, "num_partial_branches": 0, "covered_branches": 0, "missing_branches": 0}, "missing_lines": [], "excluded_lines": [], "executed_branches": [], "missing_branches": []}}, "classes": {"RadioBrowserError": {"executed_lines": [], "summary": {"covered_lines": 0, "num_statements": 0, "percent_covered": 100.0, "percent_covered_display": "100", "missing_lines": 0, "excluded_lines": 0, "num_branches": 0, "num_partial_branches": 0, "covered_branches": 0, "missing_branches": 0}, "missing_lines": [], "excluded_lines": [], "executed_branches": [], "missing_branches": []}, "RadioBrowserConnectionError": {"executed_lines": [], "summary": {"covered_lines": 0, "num_statements": 0, "percent_covered": 100.0, "percent_covered_display": "100", "missing_lines": 0, "excluded_lines": 0, "num_branches": 0, "num_partial_branches": 0, "covered_branches": 0, "missing_branches": 0}, "missing_lines": [], "excluded_lines": [], "executed_branches": [], "missing_branches": []}, "RadioBrowserConnectionTimeoutError": {"executed_lines": [], "summary": {"covered_lines": 0, "num_statements": 0, "percent_covered": 100.0, "percent_covered_display": "100", "missing_lines": 0, "excluded_lines": 0, "num_branches": 0, "num_partial_branches": 0, "covered_branches": 0, "missing_branches": 0}, "missing_lines": [], "excluded_lines": [], "executed_branches": [], "missing_branches": []}, "": {"executed_lines": [1, 4, 5, 8, 9, 12, 13], "summary": {"covered_lines": 3, "num_statements": 3, "percent_covered": 100.0, "percent_covered_display": "100", "missing_lines": 0, "excluded_lines": 0, "num_branches": 0, "num_partial_branches": 0, "covered_branches": 0, "missing_branches": 0}, "missing_lines": [], "excluded_lines": [], "executed_branches": [], "missing_branches": []}}}, "src/radios/models.py": {"executed_lines": [1, 4, 6, 7, 8, 10, 11, 12, 13, 14, 17, 18, 20, 24, 26, 29, 31, 32, 34, 35, 36, 37, 38, 39, 40, 41, 42, 43, 46, 48, 49, 51, 52, 53, 54, 57, 58, 59, 60, 61, 62, 63, 64, 65, 66, 67, 70, 75, 78, 79, 82, 85, 88, 89, 90, 91, 92, 95, 96, 97, 99, 100, 113, 114, 115, 117, 118, 119, 121, 122, 133, 134, 135, 137, 138, 139, 141, 142, 155, 156, 157, 159, 160], "summary": {"covered_lines": 76, "num_statements": 84, "percent_covered": 86.36363636363636, "percent_covered_display": "86", "missing_lines": 8, "excluded_lines": 0, "num_branches": 4, "num_partial_branches": 0, "covered_branches": 0, "missing_branches": 4}, "missing_lines": [22, 108, 109, 110, 130, 150, 151, 152], "excluded_lines": [], "executed_branches": [], "missing_branches": [[108, 109], [108, 110], [150, 151], [150, 152]], "functions": {"CommaSeparatedString.serialize": {"executed_lines": [], "summary": {"covered_lines": 0, "num_statements": 1, "percent_covered": 0.0, "percent_covered_display": "0", "missing_lines": 1, "excluded_lines": 0, "num_branches": 0, "num_partial_branches": 0, "covered_branches": 0, "missing_branches": 0}, "missing_lines": [22], "excluded_lines": [], "executed_branches": [], "missing_branches": []}, "CommaSeparatedString.deserialize": {"executed_lines": [26], "summary": {"covered_lines": 1, "num_statements": 1, "percent_covered": 100.0, "percent_covered_display": "100", "missing_lines": 0, "excluded_lines": 0, "num_branches": 0, "num_partial_branches": 0, "covered_branches": 0, "missing_branches": 0}, "missing_lines": [], "excluded_lines": [], "executed_branches": [], "missing_branches": []}, "Station.country": {"executed_lines": [], "summary": {"covered_lines": 0, "num_statements": 3, "percent_covered": 0.0, "percent_covered_display": "0", "missing_lines": 3, "excluded_lines": 0, "num_branches": 2, "num_partial_branches": 0, "covered_branches": 0, "missing_branches": 2}, "missing_lines": [108, 109, 110], "excluded_lines": [], "executed_branches": [], "missing_branches": [[108, 109], [108, 110]]}, "Country.favicon": {"executed_lines": [], "summary": {"covered_lines": 0, "num_statements": 1, "percent_covered": 0.0, "percent_covered_display": "0", "missing_lines": 1, "excluded_lines": 0, "num_branches": 0, "num_partial_branches": 0, "covered_branches": 0, "missing_branches": 0}, "missing_lines": [130], "excluded_lines": [], "executed_branches": [], "missing_branches": []}, "Language.favicon": {"executed_lines": [], "summary": {"covered_lines": 0, "num_statements": 3, "percent_covered": 0.0, "percent_covered_display": "0", "missing_lines": 3, "excluded_lines": 0, "num_branches": 2, "num_partial_branches": 0, "covered_branches": 0, "missing_branches": 2}, "missing_lines": [150, 151, 152], "excluded_lines": [], "executed_branches": [], "missing_branches": [[150, 151], [150, 152]]}, "": {"executed_lines": [1, 4, 6, 7, 8, 10, 11, 12, 13, 14, 17, 18, 20, 24, 29, 31, 32, 34, 35, 36, 37, 38, 39, 40, 41, 42, 43, 46, 48, 49, 51, 52, 53, 54, 57, 58, 59, 60, 61, 62, 63, 64, 65, 66, 67, 70, 75, 78, 79, 82, 85, 88, 89, 90, 91, 92, 95, 96, 97, 99, 100, 113, 114, 115, 117, 118, 119, 121, 122, 133, 134, 135, 137, 138, 139, 141, 142, 155, 156, 157, 159, 160], "summary": {"covered_lines": 75, "num_statements": 75, "percent_covered": 100.0, "percent_covered_display": "100", "missing_lines": 0, "excluded_lines": 0, "num_branches": 0, "num_partial_branches": 0, "covered_branches": 0, "missing_branches": 0}, "missing_lines": [], "excluded_lines": [], "executed_branches": [], "missing_branches": []}}, "classes": {"CommaSeparatedString": {"executed_lines": [26], "summary": {"covered_lines": 1, "num_statements": 2, "percent_covered": 50.0, "percent_covered_display": "50", "missing_lines": 1, "excluded_lines": 0, "num_branches": 0, "num_partial_branches": 0, "covered_branches": 0, "missing_branches": 0}, "missing_lines": [22], "excluded_lines": [], "executed_branches": [], "missing_branches": []}, "Stats": {"executed_lines": [], "summary": {"covered_lines": 0, "num_statements": 0, "percent_covered": 100.0, "percent_covered_display": "100", "missing_lines": 0, "excluded_lines": 0, "num_branches": 0, "num_partial_branches": 0, "covered_branches": 0, "missing_branches": 0}, "missing_lines": [], "excluded_lines": [], "executed_branches": [], "missing_branches": []}, "Station": {"executed_lines": [], "summary": {"covered_lines": 0, "num_statements": 3, "percent_covered": 0.0, "percent_covered_display": "0", "missing_lines": 3, "excluded_lines": 0, "num_branches": 2, "num_partial_branches": 0, "covered_branches": 0, "missing_branches": 2}, "missing_lines": [108, 109, 110], "excluded_lines": [], "executed_branches": [], "missing_branches": [[108, 109], [108, 110]]}, "Country": {"executed_lines": [], "summary": {"covered_lines": 0, "num_statements": 1, "percent_covered": 0.0, "percent_covered_display": "0", "missing_lines": 1, "excluded_lines": 0, "num_branches": 0, "num_partial_branches": 0, "covered_branches": 0, "missing_branches": 0}, "missing_lines": [130], "excluded_lines": [], "executed_branches": [], "missing_branches": []}, "Language": {"executed_lines": [], "summary": {"covered_lines": 0, "num_statements": 3, "percent_covered": 0.0, "percent_covered_display": "0", "missing_lines": 3, "excluded_lines": 0, "num_branches": 2, "num_partial_branches": 0, "covered_branches": 0, "missing_branches": 2}, "missing_lines": [150, 151, 152], "excluded_lines": [], "executed_branches": [], "missing_branches": [[150, 151], [150, 152]]}, "Tag": {"executed_lines": [], "summary": {"covered_lines": 0, "num_statements": 0, "percent_covered": 100.0, "percent_covered_display": "100", "missing_lines": 0, "excluded_lines": 0, "num_branches": 0, "num_partial_branches": 0, "covered_branches": 0, "missing_branches": 0}, "missing_lines": [], "excluded_lines": [], "executed_branches": [], "missing_branches": []}, "": {"executed_lines": [1, 4, 6, 7, 8, 10, 11, 12, 13, 14, 17, 18, 20, 24, 29, 31, 32, 34, 35, 36, 37, 38, 39, 40, 41, 42, 43, 46, 48, 49, 51, 52, 53, 54, 57, 58, 59, 60, 61, 62, 63, 64, 65, 66, 67, 70, 75, 78, 79, 82, 85, 88, 89, 90, 91, 92, 95, 96, 97, 99, 100, 113, 114, 115, 117, 118, 119, 121, 122, 133, 134, 135, 137, 138, 139, 141, 142, 155, 156, 157, 159, 160], "summary": {"covered_lines": 75, "num_statements": 75, "percent_covered": 100.0, "percent_covered_display": "100", "missing_lines": 0, "excluded_lines": 0, "num_branches": 0, "num_partial_branches": 0, "covered_branches": 0, "missing_branches": 0}, "missing_lines": [], "excluded_lines": [], "executed_branches": [], "missing_branches": []}}}, "src/radios/radio_browser.py": {"executed_lines": [1, 3, 5, 6, 7, 8, 9, 11, 12, 13, 14, 15, 16, 17, 19, 20, 25, 28, 29, 30, 32, 34, 35, 37, 38, 40, 43, 74, 75, 76, 77, 78, 80, 82, 83, 84, 86, 87, 88, 89, 90, 91, 92, 103, 104, 105, 106, 107, 108, 109, 110, 111, 112, 113, 114, 116, 118, 126, 127, 129, 142, 145, 169, 180, 181, 182, 184, 185, 186, 187, 190, 191, 194, 197, 221, 232, 233, 234, 237, 240, 286, 287, 288, 289, 290, 292, 311, 313, 315, 327, 332, 333, 334, 337, 365, 366, 367, 368, 369, 371, 381, 383, 386, 410, 420, 422, 424, 426, 427, 429, 437, 439, 447], "summary": {"covered_lines": 111, "num_statements": 111, "percent_covered": 97.24137931034483, "percent_covered_display": "97", "missing_lines": 0, "excluded_lines": 0, "num_branches": 34, "num_partial_branches": 4, "covered_branches": 30, "missing_branches": 4}, "missing_lines": [], "excluded_lines": [], "executed_branches": [[74, 75], [74, 80], [82, 83], [82, 86], [86, 87], [86, 90], [87, 88], [87, 90], [88, 89], [105, 106], [105, 116], [181, 182], [181, 190], [184, 185], [184, 186], [186, 187], [190, 191], [190, 194], [233, 234], [233, 237], [287, 288], [287, 292], [289, 290], [332, 333], [332, 334], [366, 367], [366, 371], [368, 369], [426, -424], [426, 427]], "missing_branches": [[88, 87], [186, 181], [289, 292], [368, 371]], "functions": {"RadioBrowser._request": {"executed_lines": [74, 75, 76, 77, 78, 80, 82, 83, 84, 86, 87, 88, 89, 90, 91, 92, 103, 104, 105, 106, 107, 108, 109, 110, 111, 112, 113, 114, 116], "summary": {"covered_lines": 29, "num_statements": 29, "percent_covered": 97.5609756097561, "percent_covered_display": "98", "missing_lines": 0, "excluded_lines": 0, "num_branches": 12, "num_partial_branches": 1, "covered_branches": 11, "missing_branches": 1}, "missing_lines": [], "excluded_lines": [], "executed_branches": [[74, 75], [74, 80], [82, 83], [82, 86], [86, 87], [86, 90], [87, 88], [87, 90], [88, 89], [105, 106], [105, 116]], "missing_branches": [[88, 87]]}, "RadioBrowser.stats": {"executed_lines": [126, 127], "summary": {"covered_lines": 2, "num_statements": 2, "percent_covered": 100.0, "percent_covered_display": "100", "missing_lines": 0, "excluded_lines": 0, "num_branches": 0, "num_partial_branches": 0, "covered_branches": 0, "missing_branches": 0}, "missing_lines": [], "excluded_lines": [], "executed_branches": [], "missing_branches": []}, "RadioBrowser.station_click": {"executed_lines": [142], "summary": {"covered_lines": 1, "num_statements": 1, "percent_covered": 100.0, "percent_covered_display": "100", "missing_lines": 0, "excluded_lines": 0, "num_branches": 0, "num_partial_branches": 0, "covered_branches": 0, "missing_branches": 0}, "missing_lines": [], "excluded_lines": [], "executed_branches": [], "missing_branches": []}, "RadioBrowser.countries": {"executed_lines": [169, 180, 181, 182, 184, 185, 186, 187, 190, 191, 194], "summary": {"covered_lines": 11, "num_statements": 11, "percent_covered": 94.73684210526316, "percent_covered_display": "95", "missing_lines": 0, "excluded_lines": 0, "num_branches": 8, "num_partial_branches": 1, "covered_branches": 7, "missing_branches": 1}, "missing_lines": [], "excluded_lines": [], "executed_branches": [[181, 182], [181, 190], [184, 185], [184, 186], [186, 187], [190, 191], [190, 194]], "missing_branches": [[186, 181]]}, "RadioBrowser.languages": {"executed_lines": [221, 232, 233, 234, 237], "summary": {"covered_lines": 5, "num_statements": 5, "percent_covered": 100.0, "percent_covered_display": "100", "missing_lines": 0, "excluded_lines": 0, "num_branches": 2, "num_partial_branches": 0, "covered_branches": 2, "missing_branches": 0}, "missing_lines": [], "excluded_lines": [], "executed_branches": [[233, 234], [233, 237]], "missing_branches": []}, "RadioBrowser.search": {"executed_lines": [286, 287, 288, 289, 290, 292, 311, 313], "summary": {"covered_lines": 8, "num_statements": 8, "percent_covered": 91.66666666666667, "percent_covered_display": "92", "missing_lines": 0, "excluded_lines": 0, "num_branches": 4, "num_partial_branches": 1, "covered_branches": 3, "missing_branches": 1}, "missing_lines": [], "excluded_lines": [], "executed_branches": [[287, 288], [287, 292], [289, 290]], "missing_branches": [[289, 292]]}, "RadioBrowser.station": {"executed_lines": [327, 332, 333, 334], "summary": {"covered_lines": 4, "num_statements": 4, "percent_covered": 100.0, "percent_covered_display": "100", "missing_lines": 0, "excluded_lines": 0, "num_branches": 2, "num_partial_branches": 0, "covered_branches": 2, "missing_branches": 0}, "missing_lines": [], "excluded_lines": [], "executed_branches": [[332, 333], [332, 334]], "missing_branches": []}, "RadioBrowser.stations": {"executed_lines": [365, 366, 367, 368, 369, 371, 381, 383], "summary": {"covered_lines": 8, "num_statements": 8, "percent_covered": 91.66666666666667, "percent_covered_display": "92", "missing_lines": 0, "excluded_lines": 0, "num_branches": 4, "num_partial_branches": 1, "covered_branches": 3, "missing_branches": 1}, "missing_lines": [], "excluded_lines": [], "executed_branches": [[366, 367], [366, 371], [368, 369]], "missing_branches": [[368, 371]]}, "RadioBrowser.tags": {"executed_lines": [410, 420, 422], "summary": {"covered_lines": 3, "num_statements": 3, "percent_covered": 100.0, "percent_covered_display": "100", "missing_lines": 0, "excluded_lines": 0, "num_branches": 0, "num_partial_branches": 0, "covered_branches": 0, "missing_branches": 0}, "missing_lines": [], "excluded_lines": [], "executed_branches": [], "missing_branches": []}, "RadioBrowser.close": {"executed_lines": [426, 427], "summary": {"covered_lines": 2, "num_statements": 2, "percent_covered": 100.0, "percent_covered_display": "100", "missing_lines": 0, "excluded_lines": 0, "num_branches": 2, "num_partial_branches": 0, "covered_branches": 2, "missing_branches": 0}, "missing_lines": [], "excluded_lines": [], "executed_branches": [[426, -424], [426, 427]], "missing_branches": []}, "RadioBrowser.__aenter__": {"executed_lines": [437], "summary": {"covered_lines": 1, "num_statements": 1, "percent_covered": 100.0, "percent_covered_display": "100", "missing_lines": 0, "excluded_lines": 0, "num_branches": 0, "num_partial_branches": 0, "covered_branches": 0, "missing_branches": 0}, "missing_lines": [], "excluded_lines": [], "executed_branches": [], "missing_branches": []}, "RadioBrowser.__aexit__": {"executed_lines": [447], "summary": {"covered_lines": 1, "num_statements": 1, "percent_covered": 100.0, "percent_covered_display": "100", "missing_lines": 0, "excluded_lines": 0, "num_branches": 0, "num_partial_branches": 0, "covered_branches": 0, "missing_branches": 0}, "missing_lines": [], "excluded_lines": [], "executed_branches": [], "missing_branches": []}, "": {"executed_lines": [1, 3, 5, 6, 7, 8, 9, 11, 12, 13, 14, 15, 16, 17, 19, 20, 25, 28, 29, 30, 32, 34, 35, 37, 38, 40, 43, 118, 129, 145, 197, 240, 315, 337, 386, 424, 429, 439], "summary": {"covered_lines": 36, "num_statements": 36, "percent_covered": 100.0, "percent_covered_display": "100", "missing_lines": 0, "excluded_lines": 0, "num_branches": 0, "num_partial_branches": 0, "covered_branches": 0, "missing_branches": 0}, "missing_lines": [], "excluded_lines": [], "executed_branches": [], "missing_branches": []}}, "classes": {"RadioBrowser": {"executed_lines": [74, 75, 76, 77, 78, 80, 82, 83, 84, 86, 87, 88, 89, 90, 91, 92, 103, 104, 105, 106, 107, 108, 109, 110, 111, 112, 113, 114, 116, 126, 127, 142, 169, 180, 181, 182, 184, 185, 186, 187, 190, 191, 194, 221, 232, 233, 234, 237, 286, 287, 288, 289, 290, 292, 311, 313, 327, 332, 333, 334, 365, 366, 367, 368, 369, 371, 381, 383, 410, 420, 422, 426, 427, 437, 447], "summary": {"covered_lines": 75, "num_statements": 75, "percent_covered": 96.3302752293578, "percent_covered_display": "96", "missing_lines": 0, "excluded_lines": 0, "num_branches": 34, "num_partial_branches": 4, "covered_branches": 30, "missing_branches": 4}, "missing_lines": [], "excluded_lines": [], "executed_branches": [[74, 75], [74, 80], [82, 83], [82, 86], [86, 87], [86, 90], [87, 88], [87, 90], [88, 89], [105, 106], [105, 116], [181, 182], [181, 190], [184, 185], [184, 186], [186, 187], [190, 191], [190, 194], [233, 234], [233, 237], [287, 288], [287, 292], [289, 290], [332, 333], [332, 334], [366, 367], [366, 371], [368, 369], [426, -424], [426, 427]], "missing_branches": [[88, 87], [186, 181], [289, 292], [368, 371]]}, "": {"executed_lines": [1, 3, 5, 6, 7, 8, 9, 11, 12, 13, 14, 15, 16, 17, 19, 20, 25, 28, 29, 30, 32, 34, 35, 37, 38, 40, 43, 118, 129, 145, 197, 240, 315, 337, 386, 424, 429, 439], "summary": {"covered_lines": 36, "num_statements": 36, "percent_covered": 100.0, "percent_covered_display": "100", "missing_lines": 0, "excluded_lines": 0, "num_branches": 0, "num_partial_branches": 0, "covered_branches": 0, "missing_branches": 0}, "missing_lines": [], "excluded_lines": [], "executed_branches": [], "missing_branches": []}}}, "tests/__init__.py": {"executed_lines": [1, 3, 6], "summary": {"covered_lines": 2, "num_statements": 4, "percent_covered": 50.0, "percent_covered_display": "50", "missing_lines": 2, "excluded_lines": 0, "num_branches": 0, "num_partial_branches": 0, "covered_branches": 0, "missing_branches": 0}, "missing_lines": [8, 9], "excluded_lines": [], "executed_branches": [], "missing_branches": [], "functions": {"load_fixture": {"executed_lines": [], "summary": {"covered_lines": 0, "num_statements": 2, "percent_covered": 0.0, "percent_covered_display": "0", "missing_lines": 2, "excluded_lines": 0, "num_branches": 0, "num_partial_branches": 0, "covered_branches": 0, "missing_branches": 0}, "missing_lines": [8, 9], "excluded_lines": [], "executed_branches": [], "missing_branches": []}, "": {"executed_lines": [1, 3, 6], "summary": {"covered_lines": 2, "num_statements": 2, "percent_covered": 100.0, "percent_covered_display": "100", "missing_lines": 0, "excluded_lines": 0, "num_branches": 0, "num_partial_branches": 0, "covered_branches": 0, "missing_branches": 0}, "missing_lines": [], "excluded_lines": [], "executed_branches": [], "missing_branches": []}}, "classes": {"": {"executed_lines": [1, 3, 6], "summary": {"covered_lines": 2, "num_statements": 4, "percent_covered": 50.0, "percent_covered_display": "50", "missing_lines": 2, "excluded_lines": 0, "num_branches": 0, "num_partial_branches": 0, "covered_branches": 0, "missing_branches": 0}, "missing_lines": [8, 9], "excluded_lines": [], "executed_branches": [], "missing_branches": []}}}, "tests/test_radio_browser.py": {"executed_lines": [1, 2, 3, 5, 6, 7, 8, 9, 11, 12, 17, 18, 21, 22, 24, 27, 28, 30, 31, 32, 33, 34, 35, 36, 39, 40, 48, 49, 51, 52, 54, 55, 57, 58, 59, 60, 61, 63, 65, 68, 70, 71, 73, 74, 76, 77, 78, 79, 80, 81, 82, 83, 85, 87, 88, 89, 91, 92, 94, 95, 96, 98, 99, 101, 103, 104, 106, 107, 108, 110, 111, 113, 115, 116, 118, 119, 120, 122, 123, 125, 127, 128, 130, 131, 132, 133, 134, 135, 136, 138, 139, 141, 142, 144, 145, 147, 149, 150, 151, 153, 154, 156, 168, 170, 173, 175, 176, 177, 178, 179, 180, 181, 182, 183, 184, 185, 186, 188, 189, 191, 192, 194, 196, 197, 199, 204, 206, 209, 211, 221, 222, 223, 226, 227, 230, 231, 233, 234, 236, 237, 239, 242, 250, 260, 262, 263, 265, 269, 271, 274, 276, 286, 287, 288, 291, 292, 294, 295, 297, 298, 300, 303, 311, 321, 323, 324, 326, 359, 361, 364, 366, 385, 386, 387, 388, 390, 391, 393, 426, 428, 431, 448, 467, 469, 470, 472, 505, 507, 510, 512, 513, 514, 516, 517, 519, 520, 522, 524, 525, 527, 560, 562, 565, 567, 577, 578, 579, 580, 582, 583, 585, 618, 620, 623, 633, 643, 645, 646, 648, 652, 654, 655, 657, 667, 668, 669, 670, 671, 672, 673, 675, 676, 678, 679, 681, 682, 690, 700, 701, 702, 704, 705, 707, 708, 710, 712, 714, 715, 717, 718, 720, 722, 723, 725, 726, 728, 730, 732, 733, 735, 736, 738, 739, 741, 742, 743, 745, 746, 748, 749, 750, 751, 753, 754, 756, 757, 760, 770, 771, 773, 774, 776, 777, 779, 780, 782, 785, 804, 823], "summary": {"covered_lines": 288, "num_statements": 292, "percent_covered": 98.63013698630137, "percent_covered_display": "99", "missing_lines": 4, "excluded_lines": 0, "num_branches": 0, "num_partial_branches": 0, "covered_branches": 0, "missing_branches": 0}, "missing_lines": [42, 43, 44, 45], "excluded_lines": [], "executed_branches": [], "missing_branches": [], "functions": {"radio_browser": {"executed_lines": [24], "summary": {"covered_lines": 1, "num_statements": 1, "percent_covered": 100.0, "percent_covered_display": "100", "missing_lines": 0, "excluded_lines": 0, "num_branches": 0, "num_partial_branches": 0, "covered_branches": 0, "missing_branches": 0}, "missing_lines": [], "excluded_lines": [], "executed_branches": [], "missing_branches": []}, "mock_session": {"executed_lines": [30, 31, 32, 33, 34, 35, 36], "summary": {"covered_lines": 7, "num_statements": 7, "percent_covered": 100.0, "percent_covered_display": "100", "missing_lines": 0, "excluded_lines": 0, "num_branches": 0, "num_partial_branches": 0, "covered_branches": 0, "missing_branches": 0}, "missing_lines": [], "excluded_lines": [], "executed_branches": [], "missing_branches": []}, "mock_dns_resolver": {"executed_lines": [], "summary": {"covered_lines": 0, "num_statements": 4, "percent_covered": 0.0, "percent_covered_display": "0", "missing_lines": 4, "excluded_lines": 0, "num_branches": 0, "num_partial_branches": 0, "covered_branches": 0, "missing_branches": 0}, "missing_lines": [42, 43, 44, 45], "excluded_lines": [], "executed_branches": [], "missing_branches": []}, "TestRadioBrowser.test_request_dns_resolution": {"executed_lines": [54, 55, 57, 58, 59, 60, 61, 63, 65, 68], "summary": {"covered_lines": 10, "num_statements": 10, "percent_covered": 100.0, "percent_covered_display": "100", "missing_lines": 0, "excluded_lines": 0, "num_branches": 0, "num_partial_branches": 0, "covered_branches": 0, "missing_branches": 0}, "missing_lines": [], "excluded_lines": [], "executed_branches": [], "missing_branches": []}, "TestRadioBrowser.test_request_creates_session_if_none": {"executed_lines": [73, 74, 76, 77, 78, 79, 80, 81, 82, 83, 85, 87, 88, 89], "summary": {"covered_lines": 14, "num_statements": 14, "percent_covered": 100.0, "percent_covered_display": "100", "missing_lines": 0, "excluded_lines": 0, "num_branches": 0, "num_partial_branches": 0, "covered_branches": 0, "missing_branches": 0}, "missing_lines": [], "excluded_lines": [], "executed_branches": [], "missing_branches": []}, "TestRadioBrowser.test_request_timeout": {"executed_lines": [94, 95, 96, 98, 99, 101], "summary": {"covered_lines": 6, "num_statements": 6, "percent_covered": 100.0, "percent_covered_display": "100", "missing_lines": 0, "excluded_lines": 0, "num_branches": 0, "num_partial_branches": 0, "covered_branches": 0, "missing_branches": 0}, "missing_lines": [], "excluded_lines": [], "executed_branches": [], "missing_branches": []}, "TestRadioBrowser.test_request_connection_error": {"executed_lines": [106, 107, 108, 110, 111, 113], "summary": {"covered_lines": 6, "num_statements": 6, "percent_covered": 100.0, "percent_covered_display": "100", "missing_lines": 0, "excluded_lines": 0, "num_branches": 0, "num_partial_branches": 0, "covered_branches": 0, "missing_branches": 0}, "missing_lines": [], "excluded_lines": [], "executed_branches": [], "missing_branches": []}, "TestRadioBrowser.test_request_socket_error": {"executed_lines": [118, 119, 120, 122, 123, 125], "summary": {"covered_lines": 6, "num_statements": 6, "percent_covered": 100.0, "percent_covered_display": "100", "missing_lines": 0, "excluded_lines": 0, "num_branches": 0, "num_partial_branches": 0, "covered_branches": 0, "missing_branches": 0}, "missing_lines": [], "excluded_lines": [], "executed_branches": [], "missing_branches": []}, "TestRadioBrowser.test_request_invalid_content_type": {"executed_lines": [130, 131, 132, 133, 134, 135, 136, 138, 139], "summary": {"covered_lines": 9, "num_statements": 9, "percent_covered": 100.0, "percent_covered_display": "100", "missing_lines": 0, "excluded_lines": 0, "num_branches": 0, "num_partial_branches": 0, "covered_branches": 0, "missing_branches": 0}, "missing_lines": [], "excluded_lines": [], "executed_branches": [], "missing_branches": []}, "TestRadioBrowser.test_request_boolean_params": {"executed_lines": [144, 145, 147, 149, 150, 151], "summary": {"covered_lines": 6, "num_statements": 6, "percent_covered": 100.0, "percent_covered_display": "100", "missing_lines": 0, "excluded_lines": 0, "num_branches": 0, "num_partial_branches": 0, "covered_branches": 0, "missing_branches": 0}, "missing_lines": [], "excluded_lines": [], "executed_branches": [], "missing_branches": []}, "TestRadioBrowser.test_stats": {"executed_lines": [156, 168, 170, 173, 175, 176, 177, 178, 179, 180, 181, 182, 183, 184, 185, 186], "summary": {"covered_lines": 16, "num_statements": 16, "percent_covered": 100.0, "percent_covered_display": "100", "missing_lines": 0, "excluded_lines": 0, "num_branches": 0, "num_partial_branches": 0, "covered_branches": 0, "missing_branches": 0}, "missing_lines": [], "excluded_lines": [], "executed_branches": [], "missing_branches": []}, "TestRadioBrowser.test_station_click": {"executed_lines": [191, 192, 194], "summary": {"covered_lines": 3, "num_statements": 3, "percent_covered": 100.0, "percent_covered_display": "100", "missing_lines": 0, "excluded_lines": 0, "num_branches": 0, "num_partial_branches": 0, "covered_branches": 0, "missing_branches": 0}, "missing_lines": [], "excluded_lines": [], "executed_branches": [], "missing_branches": []}, "TestRadioBrowser.test_countries": {"executed_lines": [199, 204, 206, 209, 211, 221, 222, 223, 226, 227, 230, 231], "summary": {"covered_lines": 12, "num_statements": 12, "percent_covered": 100.0, "percent_covered_display": "100", "missing_lines": 0, "excluded_lines": 0, "num_branches": 0, "num_partial_branches": 0, "covered_branches": 0, "missing_branches": 0}, "missing_lines": [], "excluded_lines": [], "executed_branches": [], "missing_branches": []}, "TestRadioBrowser.test_countries_with_parameters": {"executed_lines": [236, 237, 239, 242, 250, 260], "summary": {"covered_lines": 6, "num_statements": 6, "percent_covered": 100.0, "percent_covered_display": "100", "missing_lines": 0, "excluded_lines": 0, "num_branches": 0, "num_partial_branches": 0, "covered_branches": 0, "missing_branches": 0}, "missing_lines": [], "excluded_lines": [], "executed_branches": [], "missing_branches": []}, "TestRadioBrowser.test_languages": {"executed_lines": [265, 269, 271, 274, 276, 286, 287, 288, 291, 292], "summary": {"covered_lines": 10, "num_statements": 10, "percent_covered": 100.0, "percent_covered_display": "100", "missing_lines": 0, "excluded_lines": 0, "num_branches": 0, "num_partial_branches": 0, "covered_branches": 0, "missing_branches": 0}, "missing_lines": [], "excluded_lines": [], "executed_branches": [], "missing_branches": []}, "TestRadioBrowser.test_languages_with_parameters": {"executed_lines": [297, 298, 300, 303, 311, 321], "summary": {"covered_lines": 6, "num_statements": 6, "percent_covered": 100.0, "percent_covered_display": "100", "missing_lines": 0, "excluded_lines": 0, "num_branches": 0, "num_partial_branches": 0, "covered_branches": 0, "missing_branches": 0}, "missing_lines": [], "excluded_lines": [], "executed_branches": [], "missing_branches": []}, "TestRadioBrowser.test_search": {"executed_lines": [326, 359, 361, 364, 366, 385, 386, 387, 388], "summary": {"covered_lines": 9, "num_statements": 9, "percent_covered": 100.0, "percent_covered_display": "100", "missing_lines": 0, "excluded_lines": 0, "num_branches": 0, "num_partial_branches": 0, "covered_branches": 0, "missing_branches": 0}, "missing_lines": [], "excluded_lines": [], "executed_branches": [], "missing_branches": []}, "TestRadioBrowser.test_search_with_filter": {"executed_lines": [393, 426, 428, 431, 448, 467], "summary": {"covered_lines": 6, "num_statements": 6, "percent_covered": 100.0, "percent_covered_display": "100", "missing_lines": 0, "excluded_lines": 0, "num_branches": 0, "num_partial_branches": 0, "covered_branches": 0, "missing_branches": 0}, "missing_lines": [], "excluded_lines": [], "executed_branches": [], "missing_branches": []}, "TestRadioBrowser.test_station": {"executed_lines": [472, 505, 507, 510, 512, 513, 514], "summary": {"covered_lines": 7, "num_statements": 7, "percent_covered": 100.0, "percent_covered_display": "100", "missing_lines": 0, "excluded_lines": 0, "num_branches": 0, "num_partial_branches": 0, "covered_branches": 0, "missing_branches": 0}, "missing_lines": [], "excluded_lines": [], "executed_branches": [], "missing_branches": []}, "TestRadioBrowser.test_station_not_found": {"executed_lines": [519, 520, 522], "summary": {"covered_lines": 3, "num_statements": 3, "percent_covered": 100.0, "percent_covered_display": "100", "missing_lines": 0, "excluded_lines": 0, "num_branches": 0, "num_partial_branches": 0, "covered_branches": 0, "missing_branches": 0}, "missing_lines": [], "excluded_lines": [], "executed_branches": [], "missing_branches": []}, "TestRadioBrowser.test_stations": {"executed_lines": [527, 560, 562, 565, 567, 577, 578, 579, 580], "summary": {"covered_lines": 9, "num_statements": 9, "percent_covered": 100.0, "percent_covered_display": "100", "missing_lines": 0, "excluded_lines": 0, "num_branches": 0, "num_partial_branches": 0, "covered_branches": 0, "missing_branches": 0}, "missing_lines": [], "excluded_lines": [], "executed_branches": [], "missing_branches": []}, "TestRadioBrowser.test_stations_with_filter": {"executed_lines": [585, 618, 620, 623, 633, 643], "summary": {"covered_lines": 6, "num_statements": 6, "percent_covered": 100.0, "percent_covered_display": "100", "missing_lines": 0, "excluded_lines": 0, "num_branches": 0, "num_partial_branches": 0, "covered_branches": 0, "missing_branches": 0}, "missing_lines": [], "excluded_lines": [], "executed_branches": [], "missing_branches": []}, "TestRadioBrowser.test_tags": {"executed_lines": [648, 652, 654, 655, 657, 667, 668, 669, 670, 671, 672, 673], "summary": {"covered_lines": 12, "num_statements": 12, "percent_covered": 100.0, "percent_covered_display": "100", "missing_lines": 0, "excluded_lines": 0, "num_branches": 0, "num_partial_branches": 0, "covered_branches": 0, "missing_branches": 0}, "missing_lines": [], "excluded_lines": [], "executed_branches": [], "missing_branches": []}, "TestRadioBrowser.test_tags_with_parameters": {"executed_lines": [678, 679, 681, 682, 690, 700, 701, 702], "summary": {"covered_lines": 8, "num_statements": 8, "percent_covered": 100.0, "percent_covered_display": "100", "missing_lines": 0, "excluded_lines": 0, "num_branches": 0, "num_partial_branches": 0, "covered_branches": 0, "missing_branches": 0}, "missing_lines": [], "excluded_lines": [], "executed_branches": [], "missing_branches": []}, "TestRadioBrowser.test_close": {"executed_lines": [707, 708, 710, 712], "summary": {"covered_lines": 4, "num_statements": 4, "percent_covered": 100.0, "percent_covered_display": "100", "missing_lines": 0, "excluded_lines": 0, "num_branches": 0, "num_partial_branches": 0, "covered_branches": 0, "missing_branches": 0}, "missing_lines": [], "excluded_lines": [], "executed_branches": [], "missing_branches": []}, "TestRadioBrowser.test_close_no_session": {"executed_lines": [717, 718, 720], "summary": {"covered_lines": 3, "num_statements": 3, "percent_covered": 100.0, "percent_covered_display": "100", "missing_lines": 0, "excluded_lines": 0, "num_branches": 0, "num_partial_branches": 0, "covered_branches": 0, "missing_branches": 0}, "missing_lines": [], "excluded_lines": [], "executed_branches": [], "missing_branches": []}, "TestRadioBrowser.test_close_not_owned": {"executed_lines": [725, 726, 728, 730], "summary": {"covered_lines": 4, "num_statements": 4, "percent_covered": 100.0, "percent_covered_display": "100", "missing_lines": 0, "excluded_lines": 0, "num_branches": 0, "num_partial_branches": 0, "covered_branches": 0, "missing_branches": 0}, "missing_lines": [], "excluded_lines": [], "executed_branches": [], "missing_branches": []}, "TestRadioBrowser.test_aenter": {"executed_lines": [735, 736], "summary": {"covered_lines": 2, "num_statements": 2, "percent_covered": 100.0, "percent_covered_display": "100", "missing_lines": 0, "excluded_lines": 0, "num_branches": 0, "num_partial_branches": 0, "covered_branches": 0, "missing_branches": 0}, "missing_lines": [], "excluded_lines": [], "executed_branches": [], "missing_branches": []}, "TestRadioBrowser.test_aexit": {"executed_lines": [741, 742, 743], "summary": {"covered_lines": 3, "num_statements": 3, "percent_covered": 100.0, "percent_covered_display": "100", "missing_lines": 0, "excluded_lines": 0, "num_branches": 0, "num_partial_branches": 0, "covered_branches": 0, "missing_branches": 0}, "missing_lines": [], "excluded_lines": [], "executed_branches": [], "missing_branches": []}, "TestRadioBrowser.test_context_manager": {"executed_lines": [748, 749, 750, 751], "summary": {"covered_lines": 4, "num_statements": 4, "percent_covered": 100.0, "percent_covered_display": "100", "missing_lines": 0, "excluded_lines": 0, "num_branches": 0, "num_partial_branches": 0, "covered_branches": 0, "missing_branches": 0}, "missing_lines": [], "excluded_lines": [], "executed_branches": [], "missing_branches": []}, "TestRadioBrowser.test_request_backoff_retry": {"executed_lines": [756, 757, 760, 770, 771, 773, 774], "summary": {"covered_lines": 7, "num_statements": 7, "percent_covered": 100.0, "percent_covered_display": "100", "missing_lines": 0, "excluded_lines": 0, "num_branches": 0, "num_partial_branches": 0, "covered_branches": 0, "missing_branches": 0}, "missing_lines": [], "excluded_lines": [], "executed_branches": [], "missing_branches": []}, "TestRadioBrowser.test_search_with_all_parameters": {"executed_lines": [779, 780, 782, 785, 804, 823], "summary": {"covered_lines": 6, "num_statements": 6, "percent_covered": 100.0, "percent_covered_display": "100", "missing_lines": 0, "excluded_lines": 0, "num_branches": 0, "num_partial_branches": 0, "covered_branches": 0, "missing_branches": 0}, "missing_lines": [], "excluded_lines": [], "executed_branches": [], "missing_branches": []}, "": {"executed_lines": [1, 2, 3, 5, 6, 7, 8, 9, 11, 12, 17, 18, 21, 22, 27, 28, 39, 40, 48, 49, 51, 52, 70, 71, 91, 92, 103, 104, 115, 116, 127, 128, 141, 142, 153, 154, 188, 189, 196, 197, 233, 234, 262, 263, 294, 295, 323, 324, 390, 391, 469, 470, 516, 517, 524, 525, 582, 583, 645, 646, 675, 676, 704, 705, 714, 715, 722, 723, 732, 733, 738, 739, 745, 746, 753, 754, 776, 777], "summary": {"covered_lines": 77, "num_statements": 77, "percent_covered": 100.0, "percent_covered_display": "100", "missing_lines": 0, "excluded_lines": 0, "num_branches": 0, "num_partial_branches": 0, "covered_branches": 0, "missing_branches": 0}, "missing_lines": [], "excluded_lines": [], "executed_branches": [], "missing_branches": []}}, "classes": {"TestRadioBrowser": {"executed_lines": [54, 55, 57, 58, 59, 60, 61, 63, 65, 68, 73, 74, 76, 77, 78, 79, 80, 81, 82, 83, 85, 87, 88, 89, 94, 95, 96, 98, 99, 101, 106, 107, 108, 110, 111, 113, 118, 119, 120, 122, 123, 125, 130, 131, 132, 133, 134, 135, 136, 138, 139, 144, 145, 147, 149, 150, 151, 156, 168, 170, 173, 175, 176, 177, 178, 179, 180, 181, 182, 183, 184, 185, 186, 191, 192, 194, 199, 204, 206, 209, 211, 221, 222, 223, 226, 227, 230, 231, 236, 237, 239, 242, 250, 260, 265, 269, 271, 274, 276, 286, 287, 288, 291, 292, 297, 298, 300, 303, 311, 321, 326, 359, 361, 364, 366, 385, 386, 387, 388, 393, 426, 428, 431, 448, 467, 472, 505, 507, 510, 512, 513, 514, 519, 520, 522, 527, 560, 562, 565, 567, 577, 578, 579, 580, 585, 618, 620, 623, 633, 643, 648, 652, 654, 655, 657, 667, 668, 669, 670, 671, 672, 673, 678, 679, 681, 682, 690, 700, 701, 702, 707, 708, 710, 712, 717, 718, 720, 725, 726, 728, 730, 735, 736, 741, 742, 743, 748, 749, 750, 751, 756, 757, 760, 770, 771, 773, 774, 779, 780, 782, 785, 804, 823], "summary": {"covered_lines": 203, "num_statements": 203, "percent_covered": 100.0, "percent_covered_display": "100", "missing_lines": 0, "excluded_lines": 0, "num_branches": 0, "num_partial_branches": 0, "covered_branches": 0, "missing_branches": 0}, "missing_lines": [], "excluded_lines": [], "executed_branches": [], "missing_branches": []}, "": {"executed_lines": [1, 2, 3, 5, 6, 7, 8, 9, 11, 12, 17, 18, 21, 22, 24, 27, 28, 30, 31, 32, 33, 34, 35, 36, 39, 40, 48, 49, 51, 52, 70, 71, 91, 92, 103, 104, 115, 116, 127, 128, 141, 142, 153, 154, 188, 189, 196, 197, 233, 234, 262, 263, 294, 295, 323, 324, 390, 391, 469, 470, 516, 517, 524, 525, 582, 583, 645, 646, 675, 676, 704, 705, 714, 715, 722, 723, 732, 733, 738, 739, 745, 746, 753, 754, 776, 777], "summary": {"covered_lines": 85, "num_statements": 89, "percent_covered": 95.50561797752809, "percent_covered_display": "96", "missing_lines": 4, "excluded_lines": 0, "num_branches": 0, "num_partial_branches": 0, "covered_branches": 0, "missing_branches": 0}, "missing_lines": [42, 43, 44, 45], "excluded_lines": [], "executed_branches": [], "missing_branches": []}}}, "tests/test_radios.py": {"executed_lines": [1, 4, 5, 7, 10, 12, 22, 23, 24, 25, 26], "summary": {"covered_lines": 10, "num_statements": 10, "percent_covered": 100.0, "percent_covered_display": "100", "missing_lines": 0, "excluded_lines": 0, "num_branches": 0, "num_partial_branches": 0, "covered_branches": 0, "missing_branches": 0}, "missing_lines": [], "excluded_lines": [], "executed_branches": [], "missing_branches": [], "functions": {"test_json_request": {"executed_lines": [12, 22, 23, 24, 25, 26], "summary": {"covered_lines": 6, "num_statements": 6, "percent_covered": 100.0, "percent_covered_display": "100", "missing_lines": 0, "excluded_lines": 0, "num_branches": 0, "num_partial_branches": 0, "covered_branches": 0, "missing_branches": 0}, "missing_lines": [], "excluded_lines": [], "executed_branches": [], "missing_branches": []}, "": {"executed_lines": [1, 4, 5, 7, 10], "summary": {"covered_lines": 4, "num_statements": 4, "percent_covered": 100.0, "percent_covered_display": "100", "missing_lines": 0, "excluded_lines": 0, "num_branches": 0, "num_partial_branches": 0, "covered_branches": 0, "missing_branches": 0}, "missing_lines": [], "excluded_lines": [], "executed_branches": [], "missing_branches": []}}, "classes": {"": {"executed_lines": [1, 4, 5, 7, 10, 12, 22, 23, 24, 25, 26], "summary": {"covered_lines": 10, "num_statements": 10, "percent_covered": 100.0, "percent_covered_display": "100", "missing_lines": 0, "excluded_lines": 0, "num_branches": 0, "num_partial_branches": 0, "covered_branches": 0, "missing_branches": 0}, "missing_lines": [], "excluded_lines": [], "executed_branches": [], "missing_branches": []}}}}, "totals": {"covered_lines": 532, "num_statements": 546, "percent_covered": 96.23287671232876, "percent_covered_display": "96", "missing_lines": 14, "excluded_lines": 0, "num_branches": 38, "num_partial_branches": 4, "covered_branches": 30, "missing_branches": 8}}