{"meta": {"format": 3, "version": "7.8.0", "timestamp": "2025-05-14T10:23:43.168388", "branch_coverage": true, "show_contexts": false}, "files": {"src/radios/__init__.py": {"executed_lines": [1, 3, 4, 9, 10, 12], "summary": {"covered_lines": 5, "num_statements": 5, "percent_covered": 100.0, "percent_covered_display": "100", "missing_lines": 0, "excluded_lines": 0, "num_branches": 0, "num_partial_branches": 0, "covered_branches": 0, "missing_branches": 0}, "missing_lines": [], "excluded_lines": [], "executed_branches": [], "missing_branches": [], "functions": {"": {"executed_lines": [1, 3, 4, 9, 10, 12], "summary": {"covered_lines": 5, "num_statements": 5, "percent_covered": 100.0, "percent_covered_display": "100", "missing_lines": 0, "excluded_lines": 0, "num_branches": 0, "num_partial_branches": 0, "covered_branches": 0, "missing_branches": 0}, "missing_lines": [], "excluded_lines": [], "executed_branches": [], "missing_branches": []}}, "classes": {"": {"executed_lines": [1, 3, 4, 9, 10, 12], "summary": {"covered_lines": 5, "num_statements": 5, "percent_covered": 100.0, "percent_covered_display": "100", "missing_lines": 0, "excluded_lines": 0, "num_branches": 0, "num_partial_branches": 0, "covered_branches": 0, "missing_branches": 0}, "missing_lines": [], "excluded_lines": [], "executed_branches": [], "missing_branches": []}}}, "src/radios/const.py": {"executed_lines": [1, 3, 6, 7, 9, 10, 11, 12, 13, 14, 15, 16, 17, 18, 19, 20, 21, 22, 23, 24, 25, 26, 27, 28, 31, 32, 34, 35, 36, 37, 38, 39, 40, 41, 42, 43, 44, 45, 46, 47], "summary": {"covered_lines": 37, "num_statements": 37, "percent_covered": 100.0, "percent_covered_display": "100", "missing_lines": 0, "excluded_lines": 0, "num_branches": 0, "num_partial_branches": 0, "covered_branches": 0, "missing_branches": 0}, "missing_lines": [], "excluded_lines": [], "executed_branches": [], "missing_branches": [], "functions": {"": {"executed_lines": [1, 3, 6, 7, 9, 10, 11, 12, 13, 14, 15, 16, 17, 18, 19, 20, 21, 22, 23, 24, 25, 26, 27, 28, 31, 32, 34, 35, 36, 37, 38, 39, 40, 41, 42, 43, 44, 45, 46, 47], "summary": {"covered_lines": 37, "num_statements": 37, "percent_covered": 100.0, "percent_covered_display": "100", "missing_lines": 0, "excluded_lines": 0, "num_branches": 0, "num_partial_branches": 0, "covered_branches": 0, "missing_branches": 0}, "missing_lines": [], "excluded_lines": [], "executed_branches": [], "missing_branches": []}}, "classes": {"Order": {"executed_lines": [], "summary": {"covered_lines": 0, "num_statements": 0, "percent_covered": 100.0, "percent_covered_display": "100", "missing_lines": 0, "excluded_lines": 0, "num_branches": 0, "num_partial_branches": 0, "covered_branches": 0, "missing_branches": 0}, "missing_lines": [], "excluded_lines": [], "executed_branches": [], "missing_branches": []}, "FilterBy": {"executed_lines": [], "summary": {"covered_lines": 0, "num_statements": 0, "percent_covered": 100.0, "percent_covered_display": "100", "missing_lines": 0, "excluded_lines": 0, "num_branches": 0, "num_partial_branches": 0, "covered_branches": 0, "missing_branches": 0}, "missing_lines": [], "excluded_lines": [], "executed_branches": [], "missing_branches": []}, "": {"executed_lines": [1, 3, 6, 7, 9, 10, 11, 12, 13, 14, 15, 16, 17, 18, 19, 20, 21, 22, 23, 24, 25, 26, 27, 28, 31, 32, 34, 35, 36, 37, 38, 39, 40, 41, 42, 43, 44, 45, 46, 47], "summary": {"covered_lines": 37, "num_statements": 37, "percent_covered": 100.0, "percent_covered_display": "100", "missing_lines": 0, "excluded_lines": 0, "num_branches": 0, "num_partial_branches": 0, "covered_branches": 0, "missing_branches": 0}, "missing_lines": [], "excluded_lines": [], "executed_branches": [], "missing_branches": []}}}, "src/radios/exceptions.py": {"executed_lines": [1, 4, 5, 8, 9, 12, 13], "summary": {"covered_lines": 3, "num_statements": 3, "percent_covered": 100.0, "percent_covered_display": "100", "missing_lines": 0, "excluded_lines": 0, "num_branches": 0, "num_partial_branches": 0, "covered_branches": 0, "missing_branches": 0}, "missing_lines": [], "excluded_lines": [], "executed_branches": [], "missing_branches": [], "functions": {"": {"executed_lines": [1, 4, 5, 8, 9, 12, 13], "summary": {"covered_lines": 3, "num_statements": 3, "percent_covered": 100.0, "percent_covered_display": "100", "missing_lines": 0, "excluded_lines": 0, "num_branches": 0, "num_partial_branches": 0, "covered_branches": 0, "missing_branches": 0}, "missing_lines": [], "excluded_lines": [], "executed_branches": [], "missing_branches": []}}, "classes": {"RadioBrowserError": {"executed_lines": [], "summary": {"covered_lines": 0, "num_statements": 0, "percent_covered": 100.0, "percent_covered_display": "100", "missing_lines": 0, "excluded_lines": 0, "num_branches": 0, "num_partial_branches": 0, "covered_branches": 0, "missing_branches": 0}, "missing_lines": [], "excluded_lines": [], "executed_branches": [], "missing_branches": []}, "RadioBrowserConnectionError": {"executed_lines": [], "summary": {"covered_lines": 0, "num_statements": 0, "percent_covered": 100.0, "percent_covered_display": "100", "missing_lines": 0, "excluded_lines": 0, "num_branches": 0, "num_partial_branches": 0, "covered_branches": 0, "missing_branches": 0}, "missing_lines": [], "excluded_lines": [], "executed_branches": [], "missing_branches": []}, "RadioBrowserConnectionTimeoutError": {"executed_lines": [], "summary": {"covered_lines": 0, "num_statements": 0, "percent_covered": 100.0, "percent_covered_display": "100", "missing_lines": 0, "excluded_lines": 0, "num_branches": 0, "num_partial_branches": 0, "covered_branches": 0, "missing_branches": 0}, "missing_lines": [], "excluded_lines": [], "executed_branches": [], "missing_branches": []}, "": {"executed_lines": [1, 4, 5, 8, 9, 12, 13], "summary": {"covered_lines": 3, "num_statements": 3, "percent_covered": 100.0, "percent_covered_display": "100", "missing_lines": 0, "excluded_lines": 0, "num_branches": 0, "num_partial_branches": 0, "covered_branches": 0, "missing_branches": 0}, "missing_lines": [], "excluded_lines": [], "executed_branches": [], "missing_branches": []}}}, "src/radios/models.py": {"executed_lines": [1, 4, 6, 7, 8, 10, 11, 12, 13, 14, 17, 18, 20, 24, 29, 31, 32, 34, 35, 36, 37, 38, 39, 40, 41, 42, 43, 46, 48, 49, 51, 52, 53, 54, 57, 58, 59, 60, 61, 62, 63, 64, 65, 66, 67, 70, 75, 78, 79, 82, 85, 88, 89, 90, 91, 92, 95, 96, 97, 99, 100, 113, 114, 115, 117, 118, 119, 121, 122, 133, 134, 135, 137, 138, 139, 141, 142, 155, 156, 157, 159, 160], "summary": {"covered_lines": 75, "num_statements": 84, "percent_covered": 85.22727272727273, "percent_covered_display": "85", "missing_lines": 9, "excluded_lines": 0, "num_branches": 4, "num_partial_branches": 0, "covered_branches": 0, "missing_branches": 4}, "missing_lines": [22, 26, 108, 109, 110, 130, 150, 151, 152], "excluded_lines": [], "executed_branches": [], "missing_branches": [[108, 109], [108, 110], [150, 151], [150, 152]], "functions": {"CommaSeparatedString.serialize": {"executed_lines": [], "summary": {"covered_lines": 0, "num_statements": 1, "percent_covered": 0.0, "percent_covered_display": "0", "missing_lines": 1, "excluded_lines": 0, "num_branches": 0, "num_partial_branches": 0, "covered_branches": 0, "missing_branches": 0}, "missing_lines": [22], "excluded_lines": [], "executed_branches": [], "missing_branches": []}, "CommaSeparatedString.deserialize": {"executed_lines": [], "summary": {"covered_lines": 0, "num_statements": 1, "percent_covered": 0.0, "percent_covered_display": "0", "missing_lines": 1, "excluded_lines": 0, "num_branches": 0, "num_partial_branches": 0, "covered_branches": 0, "missing_branches": 0}, "missing_lines": [26], "excluded_lines": [], "executed_branches": [], "missing_branches": []}, "Station.country": {"executed_lines": [], "summary": {"covered_lines": 0, "num_statements": 3, "percent_covered": 0.0, "percent_covered_display": "0", "missing_lines": 3, "excluded_lines": 0, "num_branches": 2, "num_partial_branches": 0, "covered_branches": 0, "missing_branches": 2}, "missing_lines": [108, 109, 110], "excluded_lines": [], "executed_branches": [], "missing_branches": [[108, 109], [108, 110]]}, "Country.favicon": {"executed_lines": [], "summary": {"covered_lines": 0, "num_statements": 1, "percent_covered": 0.0, "percent_covered_display": "0", "missing_lines": 1, "excluded_lines": 0, "num_branches": 0, "num_partial_branches": 0, "covered_branches": 0, "missing_branches": 0}, "missing_lines": [130], "excluded_lines": [], "executed_branches": [], "missing_branches": []}, "Language.favicon": {"executed_lines": [], "summary": {"covered_lines": 0, "num_statements": 3, "percent_covered": 0.0, "percent_covered_display": "0", "missing_lines": 3, "excluded_lines": 0, "num_branches": 2, "num_partial_branches": 0, "covered_branches": 0, "missing_branches": 2}, "missing_lines": [150, 151, 152], "excluded_lines": [], "executed_branches": [], "missing_branches": [[150, 151], [150, 152]]}, "": {"executed_lines": [1, 4, 6, 7, 8, 10, 11, 12, 13, 14, 17, 18, 20, 24, 29, 31, 32, 34, 35, 36, 37, 38, 39, 40, 41, 42, 43, 46, 48, 49, 51, 52, 53, 54, 57, 58, 59, 60, 61, 62, 63, 64, 65, 66, 67, 70, 75, 78, 79, 82, 85, 88, 89, 90, 91, 92, 95, 96, 97, 99, 100, 113, 114, 115, 117, 118, 119, 121, 122, 133, 134, 135, 137, 138, 139, 141, 142, 155, 156, 157, 159, 160], "summary": {"covered_lines": 75, "num_statements": 75, "percent_covered": 100.0, "percent_covered_display": "100", "missing_lines": 0, "excluded_lines": 0, "num_branches": 0, "num_partial_branches": 0, "covered_branches": 0, "missing_branches": 0}, "missing_lines": [], "excluded_lines": [], "executed_branches": [], "missing_branches": []}}, "classes": {"CommaSeparatedString": {"executed_lines": [], "summary": {"covered_lines": 0, "num_statements": 2, "percent_covered": 0.0, "percent_covered_display": "0", "missing_lines": 2, "excluded_lines": 0, "num_branches": 0, "num_partial_branches": 0, "covered_branches": 0, "missing_branches": 0}, "missing_lines": [22, 26], "excluded_lines": [], "executed_branches": [], "missing_branches": []}, "Stats": {"executed_lines": [], "summary": {"covered_lines": 0, "num_statements": 0, "percent_covered": 100.0, "percent_covered_display": "100", "missing_lines": 0, "excluded_lines": 0, "num_branches": 0, "num_partial_branches": 0, "covered_branches": 0, "missing_branches": 0}, "missing_lines": [], "excluded_lines": [], "executed_branches": [], "missing_branches": []}, "Station": {"executed_lines": [], "summary": {"covered_lines": 0, "num_statements": 3, "percent_covered": 0.0, "percent_covered_display": "0", "missing_lines": 3, "excluded_lines": 0, "num_branches": 2, "num_partial_branches": 0, "covered_branches": 0, "missing_branches": 2}, "missing_lines": [108, 109, 110], "excluded_lines": [], "executed_branches": [], "missing_branches": [[108, 109], [108, 110]]}, "Country": {"executed_lines": [], "summary": {"covered_lines": 0, "num_statements": 1, "percent_covered": 0.0, "percent_covered_display": "0", "missing_lines": 1, "excluded_lines": 0, "num_branches": 0, "num_partial_branches": 0, "covered_branches": 0, "missing_branches": 0}, "missing_lines": [130], "excluded_lines": [], "executed_branches": [], "missing_branches": []}, "Language": {"executed_lines": [], "summary": {"covered_lines": 0, "num_statements": 3, "percent_covered": 0.0, "percent_covered_display": "0", "missing_lines": 3, "excluded_lines": 0, "num_branches": 2, "num_partial_branches": 0, "covered_branches": 0, "missing_branches": 2}, "missing_lines": [150, 151, 152], "excluded_lines": [], "executed_branches": [], "missing_branches": [[150, 151], [150, 152]]}, "Tag": {"executed_lines": [], "summary": {"covered_lines": 0, "num_statements": 0, "percent_covered": 100.0, "percent_covered_display": "100", "missing_lines": 0, "excluded_lines": 0, "num_branches": 0, "num_partial_branches": 0, "covered_branches": 0, "missing_branches": 0}, "missing_lines": [], "excluded_lines": [], "executed_branches": [], "missing_branches": []}, "": {"executed_lines": [1, 4, 6, 7, 8, 10, 11, 12, 13, 14, 17, 18, 20, 24, 29, 31, 32, 34, 35, 36, 37, 38, 39, 40, 41, 42, 43, 46, 48, 49, 51, 52, 53, 54, 57, 58, 59, 60, 61, 62, 63, 64, 65, 66, 67, 70, 75, 78, 79, 82, 85, 88, 89, 90, 91, 92, 95, 96, 97, 99, 100, 113, 114, 115, 117, 118, 119, 121, 122, 133, 134, 135, 137, 138, 139, 141, 142, 155, 156, 157, 159, 160], "summary": {"covered_lines": 75, "num_statements": 75, "percent_covered": 100.0, "percent_covered_display": "100", "missing_lines": 0, "excluded_lines": 0, "num_branches": 0, "num_partial_branches": 0, "covered_branches": 0, "missing_branches": 0}, "missing_lines": [], "excluded_lines": [], "executed_branches": [], "missing_branches": []}}}, "src/radios/radio_browser.py": {"executed_lines": [1, 3, 5, 6, 7, 8, 9, 11, 12, 13, 14, 15, 16, 17, 19, 20, 25, 28, 29, 30, 32, 34, 35, 37, 38, 40, 43, 74, 80, 82, 86, 90, 91, 92, 103, 104, 105, 116, 118, 129, 145, 197, 240, 315, 337, 386, 424, 429, 439], "summary": {"covered_lines": 47, "num_statements": 111, "percent_covered": 35.172413793103445, "percent_covered_display": "35", "missing_lines": 64, "excluded_lines": 0, "num_branches": 34, "num_partial_branches": 4, "covered_branches": 4, "missing_branches": 30}, "missing_lines": [75, 76, 77, 78, 83, 84, 87, 88, 89, 106, 107, 108, 109, 110, 111, 112, 113, 114, 126, 127, 142, 169, 180, 181, 182, 184, 185, 186, 187, 190, 191, 194, 221, 232, 233, 234, 237, 286, 287, 288, 289, 290, 292, 311, 313, 327, 332, 333, 334, 365, 366, 367, 368, 369, 371, 381, 383, 410, 420, 422, 426, 427, 437, 447], "excluded_lines": [], "executed_branches": [[74, 80], [82, 86], [86, 90], [105, 116]], "missing_branches": [[74, 75], [82, 83], [86, 87], [87, 88], [87, 90], [88, 87], [88, 89], [105, 106], [181, 182], [181, 190], [184, 185], [184, 186], [186, 181], [186, 187], [190, 191], [190, 194], [233, 234], [233, 237], [287, 288], [287, 292], [289, 290], [289, 292], [332, 333], [332, 334], [366, 367], [366, 371], [368, 369], [368, 371], [426, -424], [426, 427]], "functions": {"RadioBrowser._request": {"executed_lines": [74, 80, 82, 86, 90, 91, 92, 103, 104, 105, 116], "summary": {"covered_lines": 11, "num_statements": 29, "percent_covered": 36.58536585365854, "percent_covered_display": "37", "missing_lines": 18, "excluded_lines": 0, "num_branches": 12, "num_partial_branches": 4, "covered_branches": 4, "missing_branches": 8}, "missing_lines": [75, 76, 77, 78, 83, 84, 87, 88, 89, 106, 107, 108, 109, 110, 111, 112, 113, 114], "excluded_lines": [], "executed_branches": [[74, 80], [82, 86], [86, 90], [105, 116]], "missing_branches": [[74, 75], [82, 83], [86, 87], [87, 88], [87, 90], [88, 87], [88, 89], [105, 106]]}, "RadioBrowser.stats": {"executed_lines": [], "summary": {"covered_lines": 0, "num_statements": 2, "percent_covered": 0.0, "percent_covered_display": "0", "missing_lines": 2, "excluded_lines": 0, "num_branches": 0, "num_partial_branches": 0, "covered_branches": 0, "missing_branches": 0}, "missing_lines": [126, 127], "excluded_lines": [], "executed_branches": [], "missing_branches": []}, "RadioBrowser.station_click": {"executed_lines": [], "summary": {"covered_lines": 0, "num_statements": 1, "percent_covered": 0.0, "percent_covered_display": "0", "missing_lines": 1, "excluded_lines": 0, "num_branches": 0, "num_partial_branches": 0, "covered_branches": 0, "missing_branches": 0}, "missing_lines": [142], "excluded_lines": [], "executed_branches": [], "missing_branches": []}, "RadioBrowser.countries": {"executed_lines": [], "summary": {"covered_lines": 0, "num_statements": 11, "percent_covered": 0.0, "percent_covered_display": "0", "missing_lines": 11, "excluded_lines": 0, "num_branches": 8, "num_partial_branches": 0, "covered_branches": 0, "missing_branches": 8}, "missing_lines": [169, 180, 181, 182, 184, 185, 186, 187, 190, 191, 194], "excluded_lines": [], "executed_branches": [], "missing_branches": [[181, 182], [181, 190], [184, 185], [184, 186], [186, 181], [186, 187], [190, 191], [190, 194]]}, "RadioBrowser.languages": {"executed_lines": [], "summary": {"covered_lines": 0, "num_statements": 5, "percent_covered": 0.0, "percent_covered_display": "0", "missing_lines": 5, "excluded_lines": 0, "num_branches": 2, "num_partial_branches": 0, "covered_branches": 0, "missing_branches": 2}, "missing_lines": [221, 232, 233, 234, 237], "excluded_lines": [], "executed_branches": [], "missing_branches": [[233, 234], [233, 237]]}, "RadioBrowser.search": {"executed_lines": [], "summary": {"covered_lines": 0, "num_statements": 8, "percent_covered": 0.0, "percent_covered_display": "0", "missing_lines": 8, "excluded_lines": 0, "num_branches": 4, "num_partial_branches": 0, "covered_branches": 0, "missing_branches": 4}, "missing_lines": [286, 287, 288, 289, 290, 292, 311, 313], "excluded_lines": [], "executed_branches": [], "missing_branches": [[287, 288], [287, 292], [289, 290], [289, 292]]}, "RadioBrowser.station": {"executed_lines": [], "summary": {"covered_lines": 0, "num_statements": 4, "percent_covered": 0.0, "percent_covered_display": "0", "missing_lines": 4, "excluded_lines": 0, "num_branches": 2, "num_partial_branches": 0, "covered_branches": 0, "missing_branches": 2}, "missing_lines": [327, 332, 333, 334], "excluded_lines": [], "executed_branches": [], "missing_branches": [[332, 333], [332, 334]]}, "RadioBrowser.stations": {"executed_lines": [], "summary": {"covered_lines": 0, "num_statements": 8, "percent_covered": 0.0, "percent_covered_display": "0", "missing_lines": 8, "excluded_lines": 0, "num_branches": 4, "num_partial_branches": 0, "covered_branches": 0, "missing_branches": 4}, "missing_lines": [365, 366, 367, 368, 369, 371, 381, 383], "excluded_lines": [], "executed_branches": [], "missing_branches": [[366, 367], [366, 371], [368, 369], [368, 371]]}, "RadioBrowser.tags": {"executed_lines": [], "summary": {"covered_lines": 0, "num_statements": 3, "percent_covered": 0.0, "percent_covered_display": "0", "missing_lines": 3, "excluded_lines": 0, "num_branches": 0, "num_partial_branches": 0, "covered_branches": 0, "missing_branches": 0}, "missing_lines": [410, 420, 422], "excluded_lines": [], "executed_branches": [], "missing_branches": []}, "RadioBrowser.close": {"executed_lines": [], "summary": {"covered_lines": 0, "num_statements": 2, "percent_covered": 0.0, "percent_covered_display": "0", "missing_lines": 2, "excluded_lines": 0, "num_branches": 2, "num_partial_branches": 0, "covered_branches": 0, "missing_branches": 2}, "missing_lines": [426, 427], "excluded_lines": [], "executed_branches": [], "missing_branches": [[426, -424], [426, 427]]}, "RadioBrowser.__aenter__": {"executed_lines": [], "summary": {"covered_lines": 0, "num_statements": 1, "percent_covered": 0.0, "percent_covered_display": "0", "missing_lines": 1, "excluded_lines": 0, "num_branches": 0, "num_partial_branches": 0, "covered_branches": 0, "missing_branches": 0}, "missing_lines": [437], "excluded_lines": [], "executed_branches": [], "missing_branches": []}, "RadioBrowser.__aexit__": {"executed_lines": [], "summary": {"covered_lines": 0, "num_statements": 1, "percent_covered": 0.0, "percent_covered_display": "0", "missing_lines": 1, "excluded_lines": 0, "num_branches": 0, "num_partial_branches": 0, "covered_branches": 0, "missing_branches": 0}, "missing_lines": [447], "excluded_lines": [], "executed_branches": [], "missing_branches": []}, "": {"executed_lines": [1, 3, 5, 6, 7, 8, 9, 11, 12, 13, 14, 15, 16, 17, 19, 20, 25, 28, 29, 30, 32, 34, 35, 37, 38, 40, 43, 118, 129, 145, 197, 240, 315, 337, 386, 424, 429, 439], "summary": {"covered_lines": 36, "num_statements": 36, "percent_covered": 100.0, "percent_covered_display": "100", "missing_lines": 0, "excluded_lines": 0, "num_branches": 0, "num_partial_branches": 0, "covered_branches": 0, "missing_branches": 0}, "missing_lines": [], "excluded_lines": [], "executed_branches": [], "missing_branches": []}}, "classes": {"RadioBrowser": {"executed_lines": [74, 80, 82, 86, 90, 91, 92, 103, 104, 105, 116], "summary": {"covered_lines": 11, "num_statements": 75, "percent_covered": 13.761467889908257, "percent_covered_display": "14", "missing_lines": 64, "excluded_lines": 0, "num_branches": 34, "num_partial_branches": 4, "covered_branches": 4, "missing_branches": 30}, "missing_lines": [75, 76, 77, 78, 83, 84, 87, 88, 89, 106, 107, 108, 109, 110, 111, 112, 113, 114, 126, 127, 142, 169, 180, 181, 182, 184, 185, 186, 187, 190, 191, 194, 221, 232, 233, 234, 237, 286, 287, 288, 289, 290, 292, 311, 313, 327, 332, 333, 334, 365, 366, 367, 368, 369, 371, 381, 383, 410, 420, 422, 426, 427, 437, 447], "excluded_lines": [], "executed_branches": [[74, 80], [82, 86], [86, 90], [105, 116]], "missing_branches": [[74, 75], [82, 83], [86, 87], [87, 88], [87, 90], [88, 87], [88, 89], [105, 106], [181, 182], [181, 190], [184, 185], [184, 186], [186, 181], [186, 187], [190, 191], [190, 194], [233, 234], [233, 237], [287, 288], [287, 292], [289, 290], [289, 292], [332, 333], [332, 334], [366, 367], [366, 371], [368, 369], [368, 371], [426, -424], [426, 427]]}, "": {"executed_lines": [1, 3, 5, 6, 7, 8, 9, 11, 12, 13, 14, 15, 16, 17, 19, 20, 25, 28, 29, 30, 32, 34, 35, 37, 38, 40, 43, 118, 129, 145, 197, 240, 315, 337, 386, 424, 429, 439], "summary": {"covered_lines": 36, "num_statements": 36, "percent_covered": 100.0, "percent_covered_display": "100", "missing_lines": 0, "excluded_lines": 0, "num_branches": 0, "num_partial_branches": 0, "covered_branches": 0, "missing_branches": 0}, "missing_lines": [], "excluded_lines": [], "executed_branches": [], "missing_branches": []}}}}, "totals": {"covered_lines": 167, "num_statements": 240, "percent_covered": 61.510791366906474, "percent_covered_display": "62", "missing_lines": 73, "excluded_lines": 0, "num_branches": 38, "num_partial_branches": 4, "covered_branches": 4, "missing_branches": 34}}