{"meta": {"format": 3, "version": "7.8.0", "timestamp": "2025-05-14T09:56:06.943212", "branch_coverage": true, "show_contexts": false}, "files": {"src/radios/__init__.py": {"executed_lines": [1, 3, 4, 9, 10, 12], "summary": {"covered_lines": 5, "num_statements": 5, "percent_covered": 100.0, "percent_covered_display": "100", "missing_lines": 0, "excluded_lines": 0, "num_branches": 0, "num_partial_branches": 0, "covered_branches": 0, "missing_branches": 0}, "missing_lines": [], "excluded_lines": [], "executed_branches": [], "missing_branches": [], "functions": {"": {"executed_lines": [1, 3, 4, 9, 10, 12], "summary": {"covered_lines": 5, "num_statements": 5, "percent_covered": 100.0, "percent_covered_display": "100", "missing_lines": 0, "excluded_lines": 0, "num_branches": 0, "num_partial_branches": 0, "covered_branches": 0, "missing_branches": 0}, "missing_lines": [], "excluded_lines": [], "executed_branches": [], "missing_branches": []}}, "classes": {"": {"executed_lines": [1, 3, 4, 9, 10, 12], "summary": {"covered_lines": 5, "num_statements": 5, "percent_covered": 100.0, "percent_covered_display": "100", "missing_lines": 0, "excluded_lines": 0, "num_branches": 0, "num_partial_branches": 0, "covered_branches": 0, "missing_branches": 0}, "missing_lines": [], "excluded_lines": [], "executed_branches": [], "missing_branches": []}}}, "src/radios/const.py": {"executed_lines": [1, 3, 6, 7, 9, 10, 11, 12, 13, 14, 15, 16, 17, 18, 19, 20, 21, 22, 23, 24, 25, 26, 27, 28, 31, 32, 34, 35, 36, 37, 38, 39, 40, 41, 42, 43, 44, 45, 46, 47], "summary": {"covered_lines": 37, "num_statements": 37, "percent_covered": 100.0, "percent_covered_display": "100", "missing_lines": 0, "excluded_lines": 0, "num_branches": 0, "num_partial_branches": 0, "covered_branches": 0, "missing_branches": 0}, "missing_lines": [], "excluded_lines": [], "executed_branches": [], "missing_branches": [], "functions": {"": {"executed_lines": [1, 3, 6, 7, 9, 10, 11, 12, 13, 14, 15, 16, 17, 18, 19, 20, 21, 22, 23, 24, 25, 26, 27, 28, 31, 32, 34, 35, 36, 37, 38, 39, 40, 41, 42, 43, 44, 45, 46, 47], "summary": {"covered_lines": 37, "num_statements": 37, "percent_covered": 100.0, "percent_covered_display": "100", "missing_lines": 0, "excluded_lines": 0, "num_branches": 0, "num_partial_branches": 0, "covered_branches": 0, "missing_branches": 0}, "missing_lines": [], "excluded_lines": [], "executed_branches": [], "missing_branches": []}}, "classes": {"Order": {"executed_lines": [], "summary": {"covered_lines": 0, "num_statements": 0, "percent_covered": 100.0, "percent_covered_display": "100", "missing_lines": 0, "excluded_lines": 0, "num_branches": 0, "num_partial_branches": 0, "covered_branches": 0, "missing_branches": 0}, "missing_lines": [], "excluded_lines": [], "executed_branches": [], "missing_branches": []}, "FilterBy": {"executed_lines": [], "summary": {"covered_lines": 0, "num_statements": 0, "percent_covered": 100.0, "percent_covered_display": "100", "missing_lines": 0, "excluded_lines": 0, "num_branches": 0, "num_partial_branches": 0, "covered_branches": 0, "missing_branches": 0}, "missing_lines": [], "excluded_lines": [], "executed_branches": [], "missing_branches": []}, "": {"executed_lines": [1, 3, 6, 7, 9, 10, 11, 12, 13, 14, 15, 16, 17, 18, 19, 20, 21, 22, 23, 24, 25, 26, 27, 28, 31, 32, 34, 35, 36, 37, 38, 39, 40, 41, 42, 43, 44, 45, 46, 47], "summary": {"covered_lines": 37, "num_statements": 37, "percent_covered": 100.0, "percent_covered_display": "100", "missing_lines": 0, "excluded_lines": 0, "num_branches": 0, "num_partial_branches": 0, "covered_branches": 0, "missing_branches": 0}, "missing_lines": [], "excluded_lines": [], "executed_branches": [], "missing_branches": []}}}, "src/radios/exceptions.py": {"executed_lines": [1, 4, 5, 8, 9, 12, 13], "summary": {"covered_lines": 3, "num_statements": 3, "percent_covered": 100.0, "percent_covered_display": "100", "missing_lines": 0, "excluded_lines": 0, "num_branches": 0, "num_partial_branches": 0, "covered_branches": 0, "missing_branches": 0}, "missing_lines": [], "excluded_lines": [], "executed_branches": [], "missing_branches": [], "functions": {"": {"executed_lines": [1, 4, 5, 8, 9, 12, 13], "summary": {"covered_lines": 3, "num_statements": 3, "percent_covered": 100.0, "percent_covered_display": "100", "missing_lines": 0, "excluded_lines": 0, "num_branches": 0, "num_partial_branches": 0, "covered_branches": 0, "missing_branches": 0}, "missing_lines": [], "excluded_lines": [], "executed_branches": [], "missing_branches": []}}, "classes": {"RadioBrowserError": {"executed_lines": [], "summary": {"covered_lines": 0, "num_statements": 0, "percent_covered": 100.0, "percent_covered_display": "100", "missing_lines": 0, "excluded_lines": 0, "num_branches": 0, "num_partial_branches": 0, "covered_branches": 0, "missing_branches": 0}, "missing_lines": [], "excluded_lines": [], "executed_branches": [], "missing_branches": []}, "RadioBrowserConnectionError": {"executed_lines": [], "summary": {"covered_lines": 0, "num_statements": 0, "percent_covered": 100.0, "percent_covered_display": "100", "missing_lines": 0, "excluded_lines": 0, "num_branches": 0, "num_partial_branches": 0, "covered_branches": 0, "missing_branches": 0}, "missing_lines": [], "excluded_lines": [], "executed_branches": [], "missing_branches": []}, "RadioBrowserConnectionTimeoutError": {"executed_lines": [], "summary": {"covered_lines": 0, "num_statements": 0, "percent_covered": 100.0, "percent_covered_display": "100", "missing_lines": 0, "excluded_lines": 0, "num_branches": 0, "num_partial_branches": 0, "covered_branches": 0, "missing_branches": 0}, "missing_lines": [], "excluded_lines": [], "executed_branches": [], "missing_branches": []}, "": {"executed_lines": [1, 4, 5, 8, 9, 12, 13], "summary": {"covered_lines": 3, "num_statements": 3, "percent_covered": 100.0, "percent_covered_display": "100", "missing_lines": 0, "excluded_lines": 0, "num_branches": 0, "num_partial_branches": 0, "covered_branches": 0, "missing_branches": 0}, "missing_lines": [], "excluded_lines": [], "executed_branches": [], "missing_branches": []}}}, "src/radios/models.py": {"executed_lines": [1, 4, 6, 7, 8, 10, 11, 12, 13, 14, 17, 18, 20, 24, 26, 29, 31, 32, 34, 35, 36, 37, 38, 39, 40, 41, 42, 43, 46, 48, 49, 51, 52, 53, 54, 57, 58, 59, 60, 61, 62, 63, 64, 65, 66, 67, 70, 75, 78, 79, 82, 85, 88, 89, 90, 91, 92, 95, 96, 97, 99, 100, 113, 114, 115, 117, 118, 119, 121, 122, 133, 134, 135, 137, 138, 139, 141, 142, 155, 156, 157, 159, 160], "summary": {"covered_lines": 76, "num_statements": 84, "percent_covered": 86.36363636363636, "percent_covered_display": "86", "missing_lines": 8, "excluded_lines": 0, "num_branches": 4, "num_partial_branches": 0, "covered_branches": 0, "missing_branches": 4}, "missing_lines": [22, 108, 109, 110, 130, 150, 151, 152], "excluded_lines": [], "executed_branches": [], "missing_branches": [[108, 109], [108, 110], [150, 151], [150, 152]], "functions": {"CommaSeparatedString.serialize": {"executed_lines": [], "summary": {"covered_lines": 0, "num_statements": 1, "percent_covered": 0.0, "percent_covered_display": "0", "missing_lines": 1, "excluded_lines": 0, "num_branches": 0, "num_partial_branches": 0, "covered_branches": 0, "missing_branches": 0}, "missing_lines": [22], "excluded_lines": [], "executed_branches": [], "missing_branches": []}, "CommaSeparatedString.deserialize": {"executed_lines": [26], "summary": {"covered_lines": 1, "num_statements": 1, "percent_covered": 100.0, "percent_covered_display": "100", "missing_lines": 0, "excluded_lines": 0, "num_branches": 0, "num_partial_branches": 0, "covered_branches": 0, "missing_branches": 0}, "missing_lines": [], "excluded_lines": [], "executed_branches": [], "missing_branches": []}, "Station.country": {"executed_lines": [], "summary": {"covered_lines": 0, "num_statements": 3, "percent_covered": 0.0, "percent_covered_display": "0", "missing_lines": 3, "excluded_lines": 0, "num_branches": 2, "num_partial_branches": 0, "covered_branches": 0, "missing_branches": 2}, "missing_lines": [108, 109, 110], "excluded_lines": [], "executed_branches": [], "missing_branches": [[108, 109], [108, 110]]}, "Country.favicon": {"executed_lines": [], "summary": {"covered_lines": 0, "num_statements": 1, "percent_covered": 0.0, "percent_covered_display": "0", "missing_lines": 1, "excluded_lines": 0, "num_branches": 0, "num_partial_branches": 0, "covered_branches": 0, "missing_branches": 0}, "missing_lines": [130], "excluded_lines": [], "executed_branches": [], "missing_branches": []}, "Language.favicon": {"executed_lines": [], "summary": {"covered_lines": 0, "num_statements": 3, "percent_covered": 0.0, "percent_covered_display": "0", "missing_lines": 3, "excluded_lines": 0, "num_branches": 2, "num_partial_branches": 0, "covered_branches": 0, "missing_branches": 2}, "missing_lines": [150, 151, 152], "excluded_lines": [], "executed_branches": [], "missing_branches": [[150, 151], [150, 152]]}, "": {"executed_lines": [1, 4, 6, 7, 8, 10, 11, 12, 13, 14, 17, 18, 20, 24, 29, 31, 32, 34, 35, 36, 37, 38, 39, 40, 41, 42, 43, 46, 48, 49, 51, 52, 53, 54, 57, 58, 59, 60, 61, 62, 63, 64, 65, 66, 67, 70, 75, 78, 79, 82, 85, 88, 89, 90, 91, 92, 95, 96, 97, 99, 100, 113, 114, 115, 117, 118, 119, 121, 122, 133, 134, 135, 137, 138, 139, 141, 142, 155, 156, 157, 159, 160], "summary": {"covered_lines": 75, "num_statements": 75, "percent_covered": 100.0, "percent_covered_display": "100", "missing_lines": 0, "excluded_lines": 0, "num_branches": 0, "num_partial_branches": 0, "covered_branches": 0, "missing_branches": 0}, "missing_lines": [], "excluded_lines": [], "executed_branches": [], "missing_branches": []}}, "classes": {"CommaSeparatedString": {"executed_lines": [26], "summary": {"covered_lines": 1, "num_statements": 2, "percent_covered": 50.0, "percent_covered_display": "50", "missing_lines": 1, "excluded_lines": 0, "num_branches": 0, "num_partial_branches": 0, "covered_branches": 0, "missing_branches": 0}, "missing_lines": [22], "excluded_lines": [], "executed_branches": [], "missing_branches": []}, "Stats": {"executed_lines": [], "summary": {"covered_lines": 0, "num_statements": 0, "percent_covered": 100.0, "percent_covered_display": "100", "missing_lines": 0, "excluded_lines": 0, "num_branches": 0, "num_partial_branches": 0, "covered_branches": 0, "missing_branches": 0}, "missing_lines": [], "excluded_lines": [], "executed_branches": [], "missing_branches": []}, "Station": {"executed_lines": [], "summary": {"covered_lines": 0, "num_statements": 3, "percent_covered": 0.0, "percent_covered_display": "0", "missing_lines": 3, "excluded_lines": 0, "num_branches": 2, "num_partial_branches": 0, "covered_branches": 0, "missing_branches": 2}, "missing_lines": [108, 109, 110], "excluded_lines": [], "executed_branches": [], "missing_branches": [[108, 109], [108, 110]]}, "Country": {"executed_lines": [], "summary": {"covered_lines": 0, "num_statements": 1, "percent_covered": 0.0, "percent_covered_display": "0", "missing_lines": 1, "excluded_lines": 0, "num_branches": 0, "num_partial_branches": 0, "covered_branches": 0, "missing_branches": 0}, "missing_lines": [130], "excluded_lines": [], "executed_branches": [], "missing_branches": []}, "Language": {"executed_lines": [], "summary": {"covered_lines": 0, "num_statements": 3, "percent_covered": 0.0, "percent_covered_display": "0", "missing_lines": 3, "excluded_lines": 0, "num_branches": 2, "num_partial_branches": 0, "covered_branches": 0, "missing_branches": 2}, "missing_lines": [150, 151, 152], "excluded_lines": [], "executed_branches": [], "missing_branches": [[150, 151], [150, 152]]}, "Tag": {"executed_lines": [], "summary": {"covered_lines": 0, "num_statements": 0, "percent_covered": 100.0, "percent_covered_display": "100", "missing_lines": 0, "excluded_lines": 0, "num_branches": 0, "num_partial_branches": 0, "covered_branches": 0, "missing_branches": 0}, "missing_lines": [], "excluded_lines": [], "executed_branches": [], "missing_branches": []}, "": {"executed_lines": [1, 4, 6, 7, 8, 10, 11, 12, 13, 14, 17, 18, 20, 24, 29, 31, 32, 34, 35, 36, 37, 38, 39, 40, 41, 42, 43, 46, 48, 49, 51, 52, 53, 54, 57, 58, 59, 60, 61, 62, 63, 64, 65, 66, 67, 70, 75, 78, 79, 82, 85, 88, 89, 90, 91, 92, 95, 96, 97, 99, 100, 113, 114, 115, 117, 118, 119, 121, 122, 133, 134, 135, 137, 138, 139, 141, 142, 155, 156, 157, 159, 160], "summary": {"covered_lines": 75, "num_statements": 75, "percent_covered": 100.0, "percent_covered_display": "100", "missing_lines": 0, "excluded_lines": 0, "num_branches": 0, "num_partial_branches": 0, "covered_branches": 0, "missing_branches": 0}, "missing_lines": [], "excluded_lines": [], "executed_branches": [], "missing_branches": []}}}, "src/radios/radio_browser.py": {"executed_lines": [1, 3, 5, 6, 7, 8, 9, 11, 12, 13, 14, 15, 16, 17, 19, 20, 25, 28, 29, 30, 32, 34, 35, 37, 38, 40, 43, 74, 75, 76, 77, 78, 80, 82, 83, 84, 86, 87, 88, 89, 90, 91, 92, 103, 104, 105, 106, 107, 108, 109, 110, 111, 112, 113, 114, 116, 118, 126, 127, 129, 142, 145, 169, 180, 181, 182, 184, 185, 186, 187, 190, 191, 194, 197, 221, 232, 233, 234, 237, 240, 286, 287, 288, 289, 290, 292, 311, 313, 315, 327, 332, 333, 334, 337, 365, 366, 367, 368, 369, 371, 381, 383, 386, 410, 420, 422, 424, 426, 427, 429, 437, 439, 447], "summary": {"covered_lines": 111, "num_statements": 111, "percent_covered": 97.93103448275862, "percent_covered_display": "98", "missing_lines": 0, "excluded_lines": 0, "num_branches": 34, "num_partial_branches": 3, "covered_branches": 31, "missing_branches": 3}, "missing_lines": [], "excluded_lines": [], "executed_branches": [[74, 75], [74, 80], [82, 83], [82, 86], [86, 87], [86, 90], [87, 88], [87, 90], [88, 87], [88, 89], [105, 106], [105, 116], [181, 182], [181, 190], [184, 185], [184, 186], [186, 187], [190, 191], [190, 194], [233, 234], [233, 237], [287, 288], [287, 292], [289, 290], [332, 333], [332, 334], [366, 367], [366, 371], [368, 369], [426, -424], [426, 427]], "missing_branches": [[186, 181], [289, 292], [368, 371]], "functions": {"RadioBrowser._request": {"executed_lines": [74, 75, 76, 77, 78, 80, 82, 83, 84, 86, 87, 88, 89, 90, 91, 92, 103, 104, 105, 106, 107, 108, 109, 110, 111, 112, 113, 114, 116], "summary": {"covered_lines": 29, "num_statements": 29, "percent_covered": 100.0, "percent_covered_display": "100", "missing_lines": 0, "excluded_lines": 0, "num_branches": 12, "num_partial_branches": 0, "covered_branches": 12, "missing_branches": 0}, "missing_lines": [], "excluded_lines": [], "executed_branches": [[74, 75], [74, 80], [82, 83], [82, 86], [86, 87], [86, 90], [87, 88], [87, 90], [88, 87], [88, 89], [105, 106], [105, 116]], "missing_branches": []}, "RadioBrowser.stats": {"executed_lines": [126, 127], "summary": {"covered_lines": 2, "num_statements": 2, "percent_covered": 100.0, "percent_covered_display": "100", "missing_lines": 0, "excluded_lines": 0, "num_branches": 0, "num_partial_branches": 0, "covered_branches": 0, "missing_branches": 0}, "missing_lines": [], "excluded_lines": [], "executed_branches": [], "missing_branches": []}, "RadioBrowser.station_click": {"executed_lines": [142], "summary": {"covered_lines": 1, "num_statements": 1, "percent_covered": 100.0, "percent_covered_display": "100", "missing_lines": 0, "excluded_lines": 0, "num_branches": 0, "num_partial_branches": 0, "covered_branches": 0, "missing_branches": 0}, "missing_lines": [], "excluded_lines": [], "executed_branches": [], "missing_branches": []}, "RadioBrowser.countries": {"executed_lines": [169, 180, 181, 182, 184, 185, 186, 187, 190, 191, 194], "summary": {"covered_lines": 11, "num_statements": 11, "percent_covered": 94.73684210526316, "percent_covered_display": "95", "missing_lines": 0, "excluded_lines": 0, "num_branches": 8, "num_partial_branches": 1, "covered_branches": 7, "missing_branches": 1}, "missing_lines": [], "excluded_lines": [], "executed_branches": [[181, 182], [181, 190], [184, 185], [184, 186], [186, 187], [190, 191], [190, 194]], "missing_branches": [[186, 181]]}, "RadioBrowser.languages": {"executed_lines": [221, 232, 233, 234, 237], "summary": {"covered_lines": 5, "num_statements": 5, "percent_covered": 100.0, "percent_covered_display": "100", "missing_lines": 0, "excluded_lines": 0, "num_branches": 2, "num_partial_branches": 0, "covered_branches": 2, "missing_branches": 0}, "missing_lines": [], "excluded_lines": [], "executed_branches": [[233, 234], [233, 237]], "missing_branches": []}, "RadioBrowser.search": {"executed_lines": [286, 287, 288, 289, 290, 292, 311, 313], "summary": {"covered_lines": 8, "num_statements": 8, "percent_covered": 91.66666666666667, "percent_covered_display": "92", "missing_lines": 0, "excluded_lines": 0, "num_branches": 4, "num_partial_branches": 1, "covered_branches": 3, "missing_branches": 1}, "missing_lines": [], "excluded_lines": [], "executed_branches": [[287, 288], [287, 292], [289, 290]], "missing_branches": [[289, 292]]}, "RadioBrowser.station": {"executed_lines": [327, 332, 333, 334], "summary": {"covered_lines": 4, "num_statements": 4, "percent_covered": 100.0, "percent_covered_display": "100", "missing_lines": 0, "excluded_lines": 0, "num_branches": 2, "num_partial_branches": 0, "covered_branches": 2, "missing_branches": 0}, "missing_lines": [], "excluded_lines": [], "executed_branches": [[332, 333], [332, 334]], "missing_branches": []}, "RadioBrowser.stations": {"executed_lines": [365, 366, 367, 368, 369, 371, 381, 383], "summary": {"covered_lines": 8, "num_statements": 8, "percent_covered": 91.66666666666667, "percent_covered_display": "92", "missing_lines": 0, "excluded_lines": 0, "num_branches": 4, "num_partial_branches": 1, "covered_branches": 3, "missing_branches": 1}, "missing_lines": [], "excluded_lines": [], "executed_branches": [[366, 367], [366, 371], [368, 369]], "missing_branches": [[368, 371]]}, "RadioBrowser.tags": {"executed_lines": [410, 420, 422], "summary": {"covered_lines": 3, "num_statements": 3, "percent_covered": 100.0, "percent_covered_display": "100", "missing_lines": 0, "excluded_lines": 0, "num_branches": 0, "num_partial_branches": 0, "covered_branches": 0, "missing_branches": 0}, "missing_lines": [], "excluded_lines": [], "executed_branches": [], "missing_branches": []}, "RadioBrowser.close": {"executed_lines": [426, 427], "summary": {"covered_lines": 2, "num_statements": 2, "percent_covered": 100.0, "percent_covered_display": "100", "missing_lines": 0, "excluded_lines": 0, "num_branches": 2, "num_partial_branches": 0, "covered_branches": 2, "missing_branches": 0}, "missing_lines": [], "excluded_lines": [], "executed_branches": [[426, -424], [426, 427]], "missing_branches": []}, "RadioBrowser.__aenter__": {"executed_lines": [437], "summary": {"covered_lines": 1, "num_statements": 1, "percent_covered": 100.0, "percent_covered_display": "100", "missing_lines": 0, "excluded_lines": 0, "num_branches": 0, "num_partial_branches": 0, "covered_branches": 0, "missing_branches": 0}, "missing_lines": [], "excluded_lines": [], "executed_branches": [], "missing_branches": []}, "RadioBrowser.__aexit__": {"executed_lines": [447], "summary": {"covered_lines": 1, "num_statements": 1, "percent_covered": 100.0, "percent_covered_display": "100", "missing_lines": 0, "excluded_lines": 0, "num_branches": 0, "num_partial_branches": 0, "covered_branches": 0, "missing_branches": 0}, "missing_lines": [], "excluded_lines": [], "executed_branches": [], "missing_branches": []}, "": {"executed_lines": [1, 3, 5, 6, 7, 8, 9, 11, 12, 13, 14, 15, 16, 17, 19, 20, 25, 28, 29, 30, 32, 34, 35, 37, 38, 40, 43, 118, 129, 145, 197, 240, 315, 337, 386, 424, 429, 439], "summary": {"covered_lines": 36, "num_statements": 36, "percent_covered": 100.0, "percent_covered_display": "100", "missing_lines": 0, "excluded_lines": 0, "num_branches": 0, "num_partial_branches": 0, "covered_branches": 0, "missing_branches": 0}, "missing_lines": [], "excluded_lines": [], "executed_branches": [], "missing_branches": []}}, "classes": {"RadioBrowser": {"executed_lines": [74, 75, 76, 77, 78, 80, 82, 83, 84, 86, 87, 88, 89, 90, 91, 92, 103, 104, 105, 106, 107, 108, 109, 110, 111, 112, 113, 114, 116, 126, 127, 142, 169, 180, 181, 182, 184, 185, 186, 187, 190, 191, 194, 221, 232, 233, 234, 237, 286, 287, 288, 289, 290, 292, 311, 313, 327, 332, 333, 334, 365, 366, 367, 368, 369, 371, 381, 383, 410, 420, 422, 426, 427, 437, 447], "summary": {"covered_lines": 75, "num_statements": 75, "percent_covered": 97.24770642201835, "percent_covered_display": "97", "missing_lines": 0, "excluded_lines": 0, "num_branches": 34, "num_partial_branches": 3, "covered_branches": 31, "missing_branches": 3}, "missing_lines": [], "excluded_lines": [], "executed_branches": [[74, 75], [74, 80], [82, 83], [82, 86], [86, 87], [86, 90], [87, 88], [87, 90], [88, 87], [88, 89], [105, 106], [105, 116], [181, 182], [181, 190], [184, 185], [184, 186], [186, 187], [190, 191], [190, 194], [233, 234], [233, 237], [287, 288], [287, 292], [289, 290], [332, 333], [332, 334], [366, 367], [366, 371], [368, 369], [426, -424], [426, 427]], "missing_branches": [[186, 181], [289, 292], [368, 371]]}, "": {"executed_lines": [1, 3, 5, 6, 7, 8, 9, 11, 12, 13, 14, 15, 16, 17, 19, 20, 25, 28, 29, 30, 32, 34, 35, 37, 38, 40, 43, 118, 129, 145, 197, 240, 315, 337, 386, 424, 429, 439], "summary": {"covered_lines": 36, "num_statements": 36, "percent_covered": 100.0, "percent_covered_display": "100", "missing_lines": 0, "excluded_lines": 0, "num_branches": 0, "num_partial_branches": 0, "covered_branches": 0, "missing_branches": 0}, "missing_lines": [], "excluded_lines": [], "executed_branches": [], "missing_branches": []}}}, "tests/__init__.py": {"executed_lines": [1, 3, 6], "summary": {"covered_lines": 2, "num_statements": 4, "percent_covered": 50.0, "percent_covered_display": "50", "missing_lines": 2, "excluded_lines": 0, "num_branches": 0, "num_partial_branches": 0, "covered_branches": 0, "missing_branches": 0}, "missing_lines": [8, 9], "excluded_lines": [], "executed_branches": [], "missing_branches": [], "functions": {"load_fixture": {"executed_lines": [], "summary": {"covered_lines": 0, "num_statements": 2, "percent_covered": 0.0, "percent_covered_display": "0", "missing_lines": 2, "excluded_lines": 0, "num_branches": 0, "num_partial_branches": 0, "covered_branches": 0, "missing_branches": 0}, "missing_lines": [8, 9], "excluded_lines": [], "executed_branches": [], "missing_branches": []}, "": {"executed_lines": [1, 3, 6], "summary": {"covered_lines": 2, "num_statements": 2, "percent_covered": 100.0, "percent_covered_display": "100", "missing_lines": 0, "excluded_lines": 0, "num_branches": 0, "num_partial_branches": 0, "covered_branches": 0, "missing_branches": 0}, "missing_lines": [], "excluded_lines": [], "executed_branches": [], "missing_branches": []}}, "classes": {"": {"executed_lines": [1, 3, 6], "summary": {"covered_lines": 2, "num_statements": 4, "percent_covered": 50.0, "percent_covered_display": "50", "missing_lines": 2, "excluded_lines": 0, "num_branches": 0, "num_partial_branches": 0, "covered_branches": 0, "missing_branches": 0}, "missing_lines": [8, 9], "excluded_lines": [], "executed_branches": [], "missing_branches": []}}}, "tests/test_radio_browser.py": {"executed_lines": [1, 2, 3, 5, 6, 7, 8, 9, 11, 12, 17, 18, 21, 22, 24, 27, 28, 30, 31, 32, 33, 34, 35, 36, 39, 40, 49, 50, 52, 53, 55, 56, 58, 59, 60, 61, 62, 63, 65, 67, 70, 72, 73, 75, 76, 78, 79, 80, 82, 83, 85, 86, 88, 89, 90, 91, 92, 93, 94, 95, 97, 99, 100, 101, 103, 104, 106, 107, 109, 112, 113, 114, 115, 117, 118, 120, 121, 122, 124, 125, 128, 130, 131, 133, 134, 135, 137, 138, 141, 143, 144, 146, 147, 148, 150, 151, 154, 156, 157, 159, 160, 162, 163, 164, 165, 166, 168, 169, 171, 172, 174, 187, 190, 192, 193, 194, 195, 196, 197, 198, 199, 200, 201, 202, 203, 205, 206, 208, 209, 211, 213, 214, 216, 222, 225, 227, 238, 239, 242, 243, 246, 247, 249, 250, 252, 257, 260, 268, 279, 281, 282, 284, 289, 292, 294, 305, 306, 309, 310, 312, 313, 315, 316, 318, 322, 325, 333, 344, 346, 347, 349, 384, 387, 389, 390, 391, 392, 394, 395, 396, 397, 399, 400, 402, 437, 440, 459, 460, 461, 462, 463, 464, 465, 466, 467, 468, 469, 470, 471, 472, 473, 474, 475, 477, 478, 480, 481, 483, 518, 521, 523, 524, 526, 527, 528, 530, 531, 533, 536, 538, 539, 541, 543, 544, 546, 581, 584, 586, 597, 598, 599, 600, 602, 603, 605, 640, 643, 653, 664, 665, 667, 668, 670, 675, 678, 680, 691, 692, 694, 695, 697, 698, 700, 701, 703, 707, 710, 718, 729, 730, 731, 733, 734, 736, 737, 739, 741, 743, 744, 746, 748, 750, 751, 753, 754, 756, 758, 760, 761, 763, 764, 766, 767, 769, 771, 773, 775, 776, 778, 780, 781, 783, 785, 786, 788, 789, 792, 797, 801, 803, 808, 812], "summary": {"covered_lines": 301, "num_statements": 309, "percent_covered": 96.78456591639872, "percent_covered_display": "97", "missing_lines": 8, "excluded_lines": 0, "num_branches": 2, "num_partial_branches": 0, "covered_branches": 0, "missing_branches": 2}, "missing_lines": [42, 43, 44, 45, 46, 804, 805, 806], "excluded_lines": [], "executed_branches": [], "missing_branches": [[804, 805], [804, 806]], "functions": {"radio_browser": {"executed_lines": [24], "summary": {"covered_lines": 1, "num_statements": 1, "percent_covered": 100.0, "percent_covered_display": "100", "missing_lines": 0, "excluded_lines": 0, "num_branches": 0, "num_partial_branches": 0, "covered_branches": 0, "missing_branches": 0}, "missing_lines": [], "excluded_lines": [], "executed_branches": [], "missing_branches": []}, "mock_session": {"executed_lines": [30, 31, 32, 33, 34, 35, 36], "summary": {"covered_lines": 7, "num_statements": 7, "percent_covered": 100.0, "percent_covered_display": "100", "missing_lines": 0, "excluded_lines": 0, "num_branches": 0, "num_partial_branches": 0, "covered_branches": 0, "missing_branches": 0}, "missing_lines": [], "excluded_lines": [], "executed_branches": [], "missing_branches": []}, "mock_dns_resolver": {"executed_lines": [], "summary": {"covered_lines": 0, "num_statements": 5, "percent_covered": 0.0, "percent_covered_display": "0", "missing_lines": 5, "excluded_lines": 0, "num_branches": 0, "num_partial_branches": 0, "covered_branches": 0, "missing_branches": 0}, "missing_lines": [42, 43, 44, 45, 46], "excluded_lines": [], "executed_branches": [], "missing_branches": []}, "TestRadioBrowser.test_request_dns_resolution": {"executed_lines": [55, 56, 58, 59, 60, 61, 62, 63, 65, 67, 70], "summary": {"covered_lines": 11, "num_statements": 11, "percent_covered": 100.0, "percent_covered_display": "100", "missing_lines": 0, "excluded_lines": 0, "num_branches": 0, "num_partial_branches": 0, "covered_branches": 0, "missing_branches": 0}, "missing_lines": [], "excluded_lines": [], "executed_branches": [], "missing_branches": []}, "TestRadioBrowser.test_request_uses_existing_host": {"executed_lines": [75, 76, 78, 79, 80], "summary": {"covered_lines": 5, "num_statements": 5, "percent_covered": 100.0, "percent_covered_display": "100", "missing_lines": 0, "excluded_lines": 0, "num_branches": 0, "num_partial_branches": 0, "covered_branches": 0, "missing_branches": 0}, "missing_lines": [], "excluded_lines": [], "executed_branches": [], "missing_branches": []}, "TestRadioBrowser.test_request_creates_session_if_none": {"executed_lines": [85, 86, 88, 89, 90, 91, 92, 93, 94, 95, 97, 99, 100, 101], "summary": {"covered_lines": 14, "num_statements": 14, "percent_covered": 100.0, "percent_covered_display": "100", "missing_lines": 0, "excluded_lines": 0, "num_branches": 0, "num_partial_branches": 0, "covered_branches": 0, "missing_branches": 0}, "missing_lines": [], "excluded_lines": [], "executed_branches": [], "missing_branches": []}, "TestRadioBrowser.test_request_with_params": {"executed_lines": [106, 107, 109, 112, 113, 114, 115], "summary": {"covered_lines": 7, "num_statements": 7, "percent_covered": 100.0, "percent_covered_display": "100", "missing_lines": 0, "excluded_lines": 0, "num_branches": 0, "num_partial_branches": 0, "covered_branches": 0, "missing_branches": 0}, "missing_lines": [], "excluded_lines": [], "executed_branches": [], "missing_branches": []}, "TestRadioBrowser.test_request_timeout_error": {"executed_lines": [120, 121, 122, 124, 125, 128], "summary": {"covered_lines": 6, "num_statements": 6, "percent_covered": 100.0, "percent_covered_display": "100", "missing_lines": 0, "excluded_lines": 0, "num_branches": 0, "num_partial_branches": 0, "covered_branches": 0, "missing_branches": 0}, "missing_lines": [], "excluded_lines": [], "executed_branches": [], "missing_branches": []}, "TestRadioBrowser.test_request_client_error": {"executed_lines": [133, 134, 135, 137, 138, 141], "summary": {"covered_lines": 6, "num_statements": 6, "percent_covered": 100.0, "percent_covered_display": "100", "missing_lines": 0, "excluded_lines": 0, "num_branches": 0, "num_partial_branches": 0, "covered_branches": 0, "missing_branches": 0}, "missing_lines": [], "excluded_lines": [], "executed_branches": [], "missing_branches": []}, "TestRadioBrowser.test_request_socket_error": {"executed_lines": [146, 147, 148, 150, 151, 154], "summary": {"covered_lines": 6, "num_statements": 6, "percent_covered": 100.0, "percent_covered_display": "100", "missing_lines": 0, "excluded_lines": 0, "num_branches": 0, "num_partial_branches": 0, "covered_branches": 0, "missing_branches": 0}, "missing_lines": [], "excluded_lines": [], "executed_branches": [], "missing_branches": []}, "TestRadioBrowser.test_request_invalid_content_type": {"executed_lines": [159, 160, 162, 163, 164, 165, 166, 168, 169], "summary": {"covered_lines": 9, "num_statements": 9, "percent_covered": 100.0, "percent_covered_display": "100", "missing_lines": 0, "excluded_lines": 0, "num_branches": 0, "num_partial_branches": 0, "covered_branches": 0, "missing_branches": 0}, "missing_lines": [], "excluded_lines": [], "executed_branches": [], "missing_branches": []}, "TestRadioBrowser.test_stats": {"executed_lines": [174, 187, 190, 192, 193, 194, 195, 196, 197, 198, 199, 200, 201, 202, 203], "summary": {"covered_lines": 15, "num_statements": 15, "percent_covered": 100.0, "percent_covered_display": "100", "missing_lines": 0, "excluded_lines": 0, "num_branches": 0, "num_partial_branches": 0, "covered_branches": 0, "missing_branches": 0}, "missing_lines": [], "excluded_lines": [], "executed_branches": [], "missing_branches": []}, "TestRadioBrowser.test_station_click": {"executed_lines": [208, 209, 211], "summary": {"covered_lines": 3, "num_statements": 3, "percent_covered": 100.0, "percent_covered_display": "100", "missing_lines": 0, "excluded_lines": 0, "num_branches": 0, "num_partial_branches": 0, "covered_branches": 0, "missing_branches": 0}, "missing_lines": [], "excluded_lines": [], "executed_branches": [], "missing_branches": []}, "TestRadioBrowser.test_countries": {"executed_lines": [216, 222, 225, 227, 238, 239, 242, 243, 246, 247], "summary": {"covered_lines": 10, "num_statements": 10, "percent_covered": 100.0, "percent_covered_display": "100", "missing_lines": 0, "excluded_lines": 0, "num_branches": 0, "num_partial_branches": 0, "covered_branches": 0, "missing_branches": 0}, "missing_lines": [], "excluded_lines": [], "executed_branches": [], "missing_branches": []}, "TestRadioBrowser.test_countries_with_custom_parameters": {"executed_lines": [252, 257, 260, 268, 279], "summary": {"covered_lines": 5, "num_statements": 5, "percent_covered": 100.0, "percent_covered_display": "100", "missing_lines": 0, "excluded_lines": 0, "num_branches": 0, "num_partial_branches": 0, "covered_branches": 0, "missing_branches": 0}, "missing_lines": [], "excluded_lines": [], "executed_branches": [], "missing_branches": []}, "TestRadioBrowser.test_languages": {"executed_lines": [284, 289, 292, 294, 305, 306, 309, 310, 312, 313], "summary": {"covered_lines": 10, "num_statements": 10, "percent_covered": 100.0, "percent_covered_display": "100", "missing_lines": 0, "excluded_lines": 0, "num_branches": 0, "num_partial_branches": 0, "covered_branches": 0, "missing_branches": 0}, "missing_lines": [], "excluded_lines": [], "executed_branches": [], "missing_branches": []}, "TestRadioBrowser.test_languages_with_custom_parameters": {"executed_lines": [318, 322, 325, 333, 344], "summary": {"covered_lines": 5, "num_statements": 5, "percent_covered": 100.0, "percent_covered_display": "100", "missing_lines": 0, "excluded_lines": 0, "num_branches": 0, "num_partial_branches": 0, "covered_branches": 0, "missing_branches": 0}, "missing_lines": [], "excluded_lines": [], "executed_branches": [], "missing_branches": []}, "TestRadioBrowser.test_search_basic": {"executed_lines": [349, 384, 387, 389, 390, 391, 392, 394, 395, 396, 397], "summary": {"covered_lines": 11, "num_statements": 11, "percent_covered": 100.0, "percent_covered_display": "100", "missing_lines": 0, "excluded_lines": 0, "num_branches": 0, "num_partial_branches": 0, "covered_branches": 0, "missing_branches": 0}, "missing_lines": [], "excluded_lines": [], "executed_branches": [], "missing_branches": []}, "TestRadioBrowser.test_search_with_filter": {"executed_lines": [402, 437, 440, 459, 460, 461, 462, 463, 464, 465, 466, 467, 468, 469, 470, 471, 472, 473, 474, 475, 477, 478], "summary": {"covered_lines": 22, "num_statements": 22, "percent_covered": 100.0, "percent_covered_display": "100", "missing_lines": 0, "excluded_lines": 0, "num_branches": 0, "num_partial_branches": 0, "covered_branches": 0, "missing_branches": 0}, "missing_lines": [], "excluded_lines": [], "executed_branches": [], "missing_branches": []}, "TestRadioBrowser.test_station_found": {"executed_lines": [483, 518, 521, 523, 524, 526, 527, 528], "summary": {"covered_lines": 8, "num_statements": 8, "percent_covered": 100.0, "percent_covered_display": "100", "missing_lines": 0, "excluded_lines": 0, "num_branches": 0, "num_partial_branches": 0, "covered_branches": 0, "missing_branches": 0}, "missing_lines": [], "excluded_lines": [], "executed_branches": [], "missing_branches": []}, "TestRadioBrowser.test_station_not_found": {"executed_lines": [533, 536, 538, 539, 541], "summary": {"covered_lines": 5, "num_statements": 5, "percent_covered": 100.0, "percent_covered_display": "100", "missing_lines": 0, "excluded_lines": 0, "num_branches": 0, "num_partial_branches": 0, "covered_branches": 0, "missing_branches": 0}, "missing_lines": [], "excluded_lines": [], "executed_branches": [], "missing_branches": []}, "TestRadioBrowser.test_stations_basic": {"executed_lines": [546, 581, 584, 586, 597, 598, 599, 600], "summary": {"covered_lines": 8, "num_statements": 8, "percent_covered": 100.0, "percent_covered_display": "100", "missing_lines": 0, "excluded_lines": 0, "num_branches": 0, "num_partial_branches": 0, "covered_branches": 0, "missing_branches": 0}, "missing_lines": [], "excluded_lines": [], "executed_branches": [], "missing_branches": []}, "TestRadioBrowser.test_stations_with_filter": {"executed_lines": [605, 640, 643, 653, 664, 665], "summary": {"covered_lines": 6, "num_statements": 6, "percent_covered": 100.0, "percent_covered_display": "100", "missing_lines": 0, "excluded_lines": 0, "num_branches": 0, "num_partial_branches": 0, "covered_branches": 0, "missing_branches": 0}, "missing_lines": [], "excluded_lines": [], "executed_branches": [], "missing_branches": []}, "TestRadioBrowser.test_tags": {"executed_lines": [670, 675, 678, 680, 691, 692, 694, 695, 697, 698], "summary": {"covered_lines": 10, "num_statements": 10, "percent_covered": 100.0, "percent_covered_display": "100", "missing_lines": 0, "excluded_lines": 0, "num_branches": 0, "num_partial_branches": 0, "covered_branches": 0, "missing_branches": 0}, "missing_lines": [], "excluded_lines": [], "executed_branches": [], "missing_branches": []}, "TestRadioBrowser.test_tags_with_custom_parameters": {"executed_lines": [703, 707, 710, 718, 729, 730, 731], "summary": {"covered_lines": 7, "num_statements": 7, "percent_covered": 100.0, "percent_covered_display": "100", "missing_lines": 0, "excluded_lines": 0, "num_branches": 0, "num_partial_branches": 0, "covered_branches": 0, "missing_branches": 0}, "missing_lines": [], "excluded_lines": [], "executed_branches": [], "missing_branches": []}, "TestRadioBrowser.test_close": {"executed_lines": [736, 737, 739, 741], "summary": {"covered_lines": 4, "num_statements": 4, "percent_covered": 100.0, "percent_covered_display": "100", "missing_lines": 0, "excluded_lines": 0, "num_branches": 0, "num_partial_branches": 0, "covered_branches": 0, "missing_branches": 0}, "missing_lines": [], "excluded_lines": [], "executed_branches": [], "missing_branches": []}, "TestRadioBrowser.test_close_no_session": {"executed_lines": [746, 748], "summary": {"covered_lines": 2, "num_statements": 2, "percent_covered": 100.0, "percent_covered_display": "100", "missing_lines": 0, "excluded_lines": 0, "num_branches": 0, "num_partial_branches": 0, "covered_branches": 0, "missing_branches": 0}, "missing_lines": [], "excluded_lines": [], "executed_branches": [], "missing_branches": []}, "TestRadioBrowser.test_close_not_owned": {"executed_lines": [753, 754, 756, 758], "summary": {"covered_lines": 4, "num_statements": 4, "percent_covered": 100.0, "percent_covered_display": "100", "missing_lines": 0, "excluded_lines": 0, "num_branches": 0, "num_partial_branches": 0, "covered_branches": 0, "missing_branches": 0}, "missing_lines": [], "excluded_lines": [], "executed_branches": [], "missing_branches": []}, "TestRadioBrowser.test_aenter": {"executed_lines": [763, 764], "summary": {"covered_lines": 2, "num_statements": 2, "percent_covered": 100.0, "percent_covered_display": "100", "missing_lines": 0, "excluded_lines": 0, "num_branches": 0, "num_partial_branches": 0, "covered_branches": 0, "missing_branches": 0}, "missing_lines": [], "excluded_lines": [], "executed_branches": [], "missing_branches": []}, "TestRadioBrowser.test_aexit": {"executed_lines": [769, 771, 773], "summary": {"covered_lines": 3, "num_statements": 3, "percent_covered": 100.0, "percent_covered_display": "100", "missing_lines": 0, "excluded_lines": 0, "num_branches": 0, "num_partial_branches": 0, "covered_branches": 0, "missing_branches": 0}, "missing_lines": [], "excluded_lines": [], "executed_branches": [], "missing_branches": []}, "TestRadioBrowser.test_async_context_manager": {"executed_lines": [778, 780, 781, 783], "summary": {"covered_lines": 4, "num_statements": 4, "percent_covered": 100.0, "percent_covered_display": "100", "missing_lines": 0, "excluded_lines": 0, "num_branches": 0, "num_partial_branches": 0, "covered_branches": 0, "missing_branches": 0}, "missing_lines": [], "excluded_lines": [], "executed_branches": [], "missing_branches": []}, "TestRadioBrowser.test_request_backoff_retry": {"executed_lines": [788, 789, 792, 797, 801, 803, 808, 812], "summary": {"covered_lines": 8, "num_statements": 8, "percent_covered": 100.0, "percent_covered_display": "100", "missing_lines": 0, "excluded_lines": 0, "num_branches": 0, "num_partial_branches": 0, "covered_branches": 0, "missing_branches": 0}, "missing_lines": [], "excluded_lines": [], "executed_branches": [], "missing_branches": []}, "TestRadioBrowser.test_request_backoff_retry.side_effect": {"executed_lines": [], "summary": {"covered_lines": 0, "num_statements": 3, "percent_covered": 0.0, "percent_covered_display": "0", "missing_lines": 3, "excluded_lines": 0, "num_branches": 2, "num_partial_branches": 0, "covered_branches": 0, "missing_branches": 2}, "missing_lines": [804, 805, 806], "excluded_lines": [], "executed_branches": [], "missing_branches": [[804, 805], [804, 806]]}, "": {"executed_lines": [1, 2, 3, 5, 6, 7, 8, 9, 11, 12, 17, 18, 21, 22, 27, 28, 39, 40, 49, 50, 52, 53, 72, 73, 82, 83, 103, 104, 117, 118, 130, 131, 143, 144, 156, 157, 171, 172, 205, 206, 213, 214, 249, 250, 281, 282, 315, 316, 346, 347, 399, 400, 480, 481, 530, 531, 543, 544, 602, 603, 667, 668, 700, 701, 733, 734, 743, 744, 750, 751, 760, 761, 766, 767, 775, 776, 785, 786], "summary": {"covered_lines": 77, "num_statements": 77, "percent_covered": 100.0, "percent_covered_display": "100", "missing_lines": 0, "excluded_lines": 0, "num_branches": 0, "num_partial_branches": 0, "covered_branches": 0, "missing_branches": 0}, "missing_lines": [], "excluded_lines": [], "executed_branches": [], "missing_branches": []}}, "classes": {"TestRadioBrowser": {"executed_lines": [55, 56, 58, 59, 60, 61, 62, 63, 65, 67, 70, 75, 76, 78, 79, 80, 85, 86, 88, 89, 90, 91, 92, 93, 94, 95, 97, 99, 100, 101, 106, 107, 109, 112, 113, 114, 115, 120, 121, 122, 124, 125, 128, 133, 134, 135, 137, 138, 141, 146, 147, 148, 150, 151, 154, 159, 160, 162, 163, 164, 165, 166, 168, 169, 174, 187, 190, 192, 193, 194, 195, 196, 197, 198, 199, 200, 201, 202, 203, 208, 209, 211, 216, 222, 225, 227, 238, 239, 242, 243, 246, 247, 252, 257, 260, 268, 279, 284, 289, 292, 294, 305, 306, 309, 310, 312, 313, 318, 322, 325, 333, 344, 349, 384, 387, 389, 390, 391, 392, 394, 395, 396, 397, 402, 437, 440, 459, 460, 461, 462, 463, 464, 465, 466, 467, 468, 469, 470, 471, 472, 473, 474, 475, 477, 478, 483, 518, 521, 523, 524, 526, 527, 528, 533, 536, 538, 539, 541, 546, 581, 584, 586, 597, 598, 599, 600, 605, 640, 643, 653, 664, 665, 670, 675, 678, 680, 691, 692, 694, 695, 697, 698, 703, 707, 710, 718, 729, 730, 731, 736, 737, 739, 741, 746, 748, 753, 754, 756, 758, 763, 764, 769, 771, 773, 778, 780, 781, 783, 788, 789, 792, 797, 801, 803, 808, 812], "summary": {"covered_lines": 216, "num_statements": 219, "percent_covered": 97.73755656108597, "percent_covered_display": "98", "missing_lines": 3, "excluded_lines": 0, "num_branches": 2, "num_partial_branches": 0, "covered_branches": 0, "missing_branches": 2}, "missing_lines": [804, 805, 806], "excluded_lines": [], "executed_branches": [], "missing_branches": [[804, 805], [804, 806]]}, "": {"executed_lines": [1, 2, 3, 5, 6, 7, 8, 9, 11, 12, 17, 18, 21, 22, 24, 27, 28, 30, 31, 32, 33, 34, 35, 36, 39, 40, 49, 50, 52, 53, 72, 73, 82, 83, 103, 104, 117, 118, 130, 131, 143, 144, 156, 157, 171, 172, 205, 206, 213, 214, 249, 250, 281, 282, 315, 316, 346, 347, 399, 400, 480, 481, 530, 531, 543, 544, 602, 603, 667, 668, 700, 701, 733, 734, 743, 744, 750, 751, 760, 761, 766, 767, 775, 776, 785, 786], "summary": {"covered_lines": 85, "num_statements": 90, "percent_covered": 94.44444444444444, "percent_covered_display": "94", "missing_lines": 5, "excluded_lines": 0, "num_branches": 0, "num_partial_branches": 0, "covered_branches": 0, "missing_branches": 0}, "missing_lines": [42, 43, 44, 45, 46], "excluded_lines": [], "executed_branches": [], "missing_branches": []}}}, "tests/test_radios.py": {"executed_lines": [1, 4, 5, 7, 10, 12, 22, 23, 24, 25, 26], "summary": {"covered_lines": 10, "num_statements": 10, "percent_covered": 100.0, "percent_covered_display": "100", "missing_lines": 0, "excluded_lines": 0, "num_branches": 0, "num_partial_branches": 0, "covered_branches": 0, "missing_branches": 0}, "missing_lines": [], "excluded_lines": [], "executed_branches": [], "missing_branches": [], "functions": {"test_json_request": {"executed_lines": [12, 22, 23, 24, 25, 26], "summary": {"covered_lines": 6, "num_statements": 6, "percent_covered": 100.0, "percent_covered_display": "100", "missing_lines": 0, "excluded_lines": 0, "num_branches": 0, "num_partial_branches": 0, "covered_branches": 0, "missing_branches": 0}, "missing_lines": [], "excluded_lines": [], "executed_branches": [], "missing_branches": []}, "": {"executed_lines": [1, 4, 5, 7, 10], "summary": {"covered_lines": 4, "num_statements": 4, "percent_covered": 100.0, "percent_covered_display": "100", "missing_lines": 0, "excluded_lines": 0, "num_branches": 0, "num_partial_branches": 0, "covered_branches": 0, "missing_branches": 0}, "missing_lines": [], "excluded_lines": [], "executed_branches": [], "missing_branches": []}}, "classes": {"": {"executed_lines": [1, 4, 5, 7, 10, 12, 22, 23, 24, 25, 26], "summary": {"covered_lines": 10, "num_statements": 10, "percent_covered": 100.0, "percent_covered_display": "100", "missing_lines": 0, "excluded_lines": 0, "num_branches": 0, "num_partial_branches": 0, "covered_branches": 0, "missing_branches": 0}, "missing_lines": [], "excluded_lines": [], "executed_branches": [], "missing_branches": []}}}}, "totals": {"covered_lines": 545, "num_statements": 563, "percent_covered": 95.5223880597015, "percent_covered_display": "96", "missing_lines": 18, "excluded_lines": 0, "num_branches": 40, "num_partial_branches": 3, "covered_branches": 31, "missing_branches": 9}}