{"meta": {"format": 3, "version": "7.8.0", "timestamp": "2025-05-14T09:50:30.235564", "branch_coverage": true, "show_contexts": false}, "files": {"src/radios/__init__.py": {"executed_lines": [1, 3, 4, 9, 10, 12], "summary": {"covered_lines": 5, "num_statements": 5, "percent_covered": 100.0, "percent_covered_display": "100", "missing_lines": 0, "excluded_lines": 0, "num_branches": 0, "num_partial_branches": 0, "covered_branches": 0, "missing_branches": 0}, "missing_lines": [], "excluded_lines": [], "executed_branches": [], "missing_branches": [], "functions": {"": {"executed_lines": [1, 3, 4, 9, 10, 12], "summary": {"covered_lines": 5, "num_statements": 5, "percent_covered": 100.0, "percent_covered_display": "100", "missing_lines": 0, "excluded_lines": 0, "num_branches": 0, "num_partial_branches": 0, "covered_branches": 0, "missing_branches": 0}, "missing_lines": [], "excluded_lines": [], "executed_branches": [], "missing_branches": []}}, "classes": {"": {"executed_lines": [1, 3, 4, 9, 10, 12], "summary": {"covered_lines": 5, "num_statements": 5, "percent_covered": 100.0, "percent_covered_display": "100", "missing_lines": 0, "excluded_lines": 0, "num_branches": 0, "num_partial_branches": 0, "covered_branches": 0, "missing_branches": 0}, "missing_lines": [], "excluded_lines": [], "executed_branches": [], "missing_branches": []}}}, "src/radios/const.py": {"executed_lines": [1, 3, 6, 7, 9, 10, 11, 12, 13, 14, 15, 16, 17, 18, 19, 20, 21, 22, 23, 24, 25, 26, 27, 28, 31, 32, 34, 35, 36, 37, 38, 39, 40, 41, 42, 43, 44, 45, 46, 47], "summary": {"covered_lines": 37, "num_statements": 37, "percent_covered": 100.0, "percent_covered_display": "100", "missing_lines": 0, "excluded_lines": 0, "num_branches": 0, "num_partial_branches": 0, "covered_branches": 0, "missing_branches": 0}, "missing_lines": [], "excluded_lines": [], "executed_branches": [], "missing_branches": [], "functions": {"": {"executed_lines": [1, 3, 6, 7, 9, 10, 11, 12, 13, 14, 15, 16, 17, 18, 19, 20, 21, 22, 23, 24, 25, 26, 27, 28, 31, 32, 34, 35, 36, 37, 38, 39, 40, 41, 42, 43, 44, 45, 46, 47], "summary": {"covered_lines": 37, "num_statements": 37, "percent_covered": 100.0, "percent_covered_display": "100", "missing_lines": 0, "excluded_lines": 0, "num_branches": 0, "num_partial_branches": 0, "covered_branches": 0, "missing_branches": 0}, "missing_lines": [], "excluded_lines": [], "executed_branches": [], "missing_branches": []}}, "classes": {"Order": {"executed_lines": [], "summary": {"covered_lines": 0, "num_statements": 0, "percent_covered": 100.0, "percent_covered_display": "100", "missing_lines": 0, "excluded_lines": 0, "num_branches": 0, "num_partial_branches": 0, "covered_branches": 0, "missing_branches": 0}, "missing_lines": [], "excluded_lines": [], "executed_branches": [], "missing_branches": []}, "FilterBy": {"executed_lines": [], "summary": {"covered_lines": 0, "num_statements": 0, "percent_covered": 100.0, "percent_covered_display": "100", "missing_lines": 0, "excluded_lines": 0, "num_branches": 0, "num_partial_branches": 0, "covered_branches": 0, "missing_branches": 0}, "missing_lines": [], "excluded_lines": [], "executed_branches": [], "missing_branches": []}, "": {"executed_lines": [1, 3, 6, 7, 9, 10, 11, 12, 13, 14, 15, 16, 17, 18, 19, 20, 21, 22, 23, 24, 25, 26, 27, 28, 31, 32, 34, 35, 36, 37, 38, 39, 40, 41, 42, 43, 44, 45, 46, 47], "summary": {"covered_lines": 37, "num_statements": 37, "percent_covered": 100.0, "percent_covered_display": "100", "missing_lines": 0, "excluded_lines": 0, "num_branches": 0, "num_partial_branches": 0, "covered_branches": 0, "missing_branches": 0}, "missing_lines": [], "excluded_lines": [], "executed_branches": [], "missing_branches": []}}}, "src/radios/exceptions.py": {"executed_lines": [1, 4, 5, 8, 9, 12, 13], "summary": {"covered_lines": 3, "num_statements": 3, "percent_covered": 100.0, "percent_covered_display": "100", "missing_lines": 0, "excluded_lines": 0, "num_branches": 0, "num_partial_branches": 0, "covered_branches": 0, "missing_branches": 0}, "missing_lines": [], "excluded_lines": [], "executed_branches": [], "missing_branches": [], "functions": {"": {"executed_lines": [1, 4, 5, 8, 9, 12, 13], "summary": {"covered_lines": 3, "num_statements": 3, "percent_covered": 100.0, "percent_covered_display": "100", "missing_lines": 0, "excluded_lines": 0, "num_branches": 0, "num_partial_branches": 0, "covered_branches": 0, "missing_branches": 0}, "missing_lines": [], "excluded_lines": [], "executed_branches": [], "missing_branches": []}}, "classes": {"RadioBrowserError": {"executed_lines": [], "summary": {"covered_lines": 0, "num_statements": 0, "percent_covered": 100.0, "percent_covered_display": "100", "missing_lines": 0, "excluded_lines": 0, "num_branches": 0, "num_partial_branches": 0, "covered_branches": 0, "missing_branches": 0}, "missing_lines": [], "excluded_lines": [], "executed_branches": [], "missing_branches": []}, "RadioBrowserConnectionError": {"executed_lines": [], "summary": {"covered_lines": 0, "num_statements": 0, "percent_covered": 100.0, "percent_covered_display": "100", "missing_lines": 0, "excluded_lines": 0, "num_branches": 0, "num_partial_branches": 0, "covered_branches": 0, "missing_branches": 0}, "missing_lines": [], "excluded_lines": [], "executed_branches": [], "missing_branches": []}, "RadioBrowserConnectionTimeoutError": {"executed_lines": [], "summary": {"covered_lines": 0, "num_statements": 0, "percent_covered": 100.0, "percent_covered_display": "100", "missing_lines": 0, "excluded_lines": 0, "num_branches": 0, "num_partial_branches": 0, "covered_branches": 0, "missing_branches": 0}, "missing_lines": [], "excluded_lines": [], "executed_branches": [], "missing_branches": []}, "": {"executed_lines": [1, 4, 5, 8, 9, 12, 13], "summary": {"covered_lines": 3, "num_statements": 3, "percent_covered": 100.0, "percent_covered_display": "100", "missing_lines": 0, "excluded_lines": 0, "num_branches": 0, "num_partial_branches": 0, "covered_branches": 0, "missing_branches": 0}, "missing_lines": [], "excluded_lines": [], "executed_branches": [], "missing_branches": []}}}, "src/radios/models.py": {"executed_lines": [1, 4, 6, 7, 8, 10, 11, 12, 13, 14, 17, 18, 20, 24, 26, 29, 31, 32, 34, 35, 36, 37, 38, 39, 40, 41, 42, 43, 46, 48, 49, 51, 52, 53, 54, 57, 58, 59, 60, 61, 62, 63, 64, 65, 66, 67, 70, 75, 78, 79, 82, 85, 88, 89, 90, 91, 92, 95, 96, 97, 99, 100, 113, 114, 115, 117, 118, 119, 121, 122, 133, 134, 135, 137, 138, 139, 141, 142, 155, 156, 157, 159, 160], "summary": {"covered_lines": 76, "num_statements": 84, "percent_covered": 86.36363636363636, "percent_covered_display": "86", "missing_lines": 8, "excluded_lines": 0, "num_branches": 4, "num_partial_branches": 0, "covered_branches": 0, "missing_branches": 4}, "missing_lines": [22, 108, 109, 110, 130, 150, 151, 152], "excluded_lines": [], "executed_branches": [], "missing_branches": [[108, 109], [108, 110], [150, 151], [150, 152]], "functions": {"CommaSeparatedString.serialize": {"executed_lines": [], "summary": {"covered_lines": 0, "num_statements": 1, "percent_covered": 0.0, "percent_covered_display": "0", "missing_lines": 1, "excluded_lines": 0, "num_branches": 0, "num_partial_branches": 0, "covered_branches": 0, "missing_branches": 0}, "missing_lines": [22], "excluded_lines": [], "executed_branches": [], "missing_branches": []}, "CommaSeparatedString.deserialize": {"executed_lines": [26], "summary": {"covered_lines": 1, "num_statements": 1, "percent_covered": 100.0, "percent_covered_display": "100", "missing_lines": 0, "excluded_lines": 0, "num_branches": 0, "num_partial_branches": 0, "covered_branches": 0, "missing_branches": 0}, "missing_lines": [], "excluded_lines": [], "executed_branches": [], "missing_branches": []}, "Station.country": {"executed_lines": [], "summary": {"covered_lines": 0, "num_statements": 3, "percent_covered": 0.0, "percent_covered_display": "0", "missing_lines": 3, "excluded_lines": 0, "num_branches": 2, "num_partial_branches": 0, "covered_branches": 0, "missing_branches": 2}, "missing_lines": [108, 109, 110], "excluded_lines": [], "executed_branches": [], "missing_branches": [[108, 109], [108, 110]]}, "Country.favicon": {"executed_lines": [], "summary": {"covered_lines": 0, "num_statements": 1, "percent_covered": 0.0, "percent_covered_display": "0", "missing_lines": 1, "excluded_lines": 0, "num_branches": 0, "num_partial_branches": 0, "covered_branches": 0, "missing_branches": 0}, "missing_lines": [130], "excluded_lines": [], "executed_branches": [], "missing_branches": []}, "Language.favicon": {"executed_lines": [], "summary": {"covered_lines": 0, "num_statements": 3, "percent_covered": 0.0, "percent_covered_display": "0", "missing_lines": 3, "excluded_lines": 0, "num_branches": 2, "num_partial_branches": 0, "covered_branches": 0, "missing_branches": 2}, "missing_lines": [150, 151, 152], "excluded_lines": [], "executed_branches": [], "missing_branches": [[150, 151], [150, 152]]}, "": {"executed_lines": [1, 4, 6, 7, 8, 10, 11, 12, 13, 14, 17, 18, 20, 24, 29, 31, 32, 34, 35, 36, 37, 38, 39, 40, 41, 42, 43, 46, 48, 49, 51, 52, 53, 54, 57, 58, 59, 60, 61, 62, 63, 64, 65, 66, 67, 70, 75, 78, 79, 82, 85, 88, 89, 90, 91, 92, 95, 96, 97, 99, 100, 113, 114, 115, 117, 118, 119, 121, 122, 133, 134, 135, 137, 138, 139, 141, 142, 155, 156, 157, 159, 160], "summary": {"covered_lines": 75, "num_statements": 75, "percent_covered": 100.0, "percent_covered_display": "100", "missing_lines": 0, "excluded_lines": 0, "num_branches": 0, "num_partial_branches": 0, "covered_branches": 0, "missing_branches": 0}, "missing_lines": [], "excluded_lines": [], "executed_branches": [], "missing_branches": []}}, "classes": {"CommaSeparatedString": {"executed_lines": [26], "summary": {"covered_lines": 1, "num_statements": 2, "percent_covered": 50.0, "percent_covered_display": "50", "missing_lines": 1, "excluded_lines": 0, "num_branches": 0, "num_partial_branches": 0, "covered_branches": 0, "missing_branches": 0}, "missing_lines": [22], "excluded_lines": [], "executed_branches": [], "missing_branches": []}, "Stats": {"executed_lines": [], "summary": {"covered_lines": 0, "num_statements": 0, "percent_covered": 100.0, "percent_covered_display": "100", "missing_lines": 0, "excluded_lines": 0, "num_branches": 0, "num_partial_branches": 0, "covered_branches": 0, "missing_branches": 0}, "missing_lines": [], "excluded_lines": [], "executed_branches": [], "missing_branches": []}, "Station": {"executed_lines": [], "summary": {"covered_lines": 0, "num_statements": 3, "percent_covered": 0.0, "percent_covered_display": "0", "missing_lines": 3, "excluded_lines": 0, "num_branches": 2, "num_partial_branches": 0, "covered_branches": 0, "missing_branches": 2}, "missing_lines": [108, 109, 110], "excluded_lines": [], "executed_branches": [], "missing_branches": [[108, 109], [108, 110]]}, "Country": {"executed_lines": [], "summary": {"covered_lines": 0, "num_statements": 1, "percent_covered": 0.0, "percent_covered_display": "0", "missing_lines": 1, "excluded_lines": 0, "num_branches": 0, "num_partial_branches": 0, "covered_branches": 0, "missing_branches": 0}, "missing_lines": [130], "excluded_lines": [], "executed_branches": [], "missing_branches": []}, "Language": {"executed_lines": [], "summary": {"covered_lines": 0, "num_statements": 3, "percent_covered": 0.0, "percent_covered_display": "0", "missing_lines": 3, "excluded_lines": 0, "num_branches": 2, "num_partial_branches": 0, "covered_branches": 0, "missing_branches": 2}, "missing_lines": [150, 151, 152], "excluded_lines": [], "executed_branches": [], "missing_branches": [[150, 151], [150, 152]]}, "Tag": {"executed_lines": [], "summary": {"covered_lines": 0, "num_statements": 0, "percent_covered": 100.0, "percent_covered_display": "100", "missing_lines": 0, "excluded_lines": 0, "num_branches": 0, "num_partial_branches": 0, "covered_branches": 0, "missing_branches": 0}, "missing_lines": [], "excluded_lines": [], "executed_branches": [], "missing_branches": []}, "": {"executed_lines": [1, 4, 6, 7, 8, 10, 11, 12, 13, 14, 17, 18, 20, 24, 29, 31, 32, 34, 35, 36, 37, 38, 39, 40, 41, 42, 43, 46, 48, 49, 51, 52, 53, 54, 57, 58, 59, 60, 61, 62, 63, 64, 65, 66, 67, 70, 75, 78, 79, 82, 85, 88, 89, 90, 91, 92, 95, 96, 97, 99, 100, 113, 114, 115, 117, 118, 119, 121, 122, 133, 134, 135, 137, 138, 139, 141, 142, 155, 156, 157, 159, 160], "summary": {"covered_lines": 75, "num_statements": 75, "percent_covered": 100.0, "percent_covered_display": "100", "missing_lines": 0, "excluded_lines": 0, "num_branches": 0, "num_partial_branches": 0, "covered_branches": 0, "missing_branches": 0}, "missing_lines": [], "excluded_lines": [], "executed_branches": [], "missing_branches": []}}}, "src/radios/radio_browser.py": {"executed_lines": [1, 3, 5, 6, 7, 8, 9, 11, 12, 13, 14, 15, 16, 17, 19, 20, 25, 28, 29, 30, 32, 34, 35, 37, 38, 40, 43, 74, 75, 76, 77, 78, 80, 82, 83, 84, 86, 87, 88, 89, 90, 91, 92, 103, 104, 105, 106, 107, 108, 109, 110, 111, 112, 113, 114, 116, 118, 126, 127, 129, 142, 145, 169, 180, 181, 182, 184, 185, 186, 187, 190, 191, 194, 197, 221, 232, 233, 234, 237, 240, 286, 287, 288, 289, 290, 292, 311, 313, 315, 327, 332, 333, 334, 337, 365, 366, 367, 368, 369, 371, 381, 383, 386, 410, 420, 422, 424, 426, 427, 429, 437, 439, 447], "summary": {"covered_lines": 111, "num_statements": 111, "percent_covered": 97.24137931034483, "percent_covered_display": "97", "missing_lines": 0, "excluded_lines": 0, "num_branches": 34, "num_partial_branches": 4, "covered_branches": 30, "missing_branches": 4}, "missing_lines": [], "excluded_lines": [], "executed_branches": [[74, 75], [74, 80], [82, 83], [82, 86], [86, 87], [86, 90], [87, 88], [87, 90], [88, 89], [105, 106], [105, 116], [181, 182], [181, 190], [184, 185], [184, 186], [186, 187], [190, 191], [190, 194], [233, 234], [233, 237], [287, 288], [287, 292], [289, 290], [332, 333], [332, 334], [366, 367], [366, 371], [368, 369], [426, -424], [426, 427]], "missing_branches": [[88, 87], [186, 181], [289, 292], [368, 371]], "functions": {"RadioBrowser._request": {"executed_lines": [74, 75, 76, 77, 78, 80, 82, 83, 84, 86, 87, 88, 89, 90, 91, 92, 103, 104, 105, 106, 107, 108, 109, 110, 111, 112, 113, 114, 116], "summary": {"covered_lines": 29, "num_statements": 29, "percent_covered": 97.5609756097561, "percent_covered_display": "98", "missing_lines": 0, "excluded_lines": 0, "num_branches": 12, "num_partial_branches": 1, "covered_branches": 11, "missing_branches": 1}, "missing_lines": [], "excluded_lines": [], "executed_branches": [[74, 75], [74, 80], [82, 83], [82, 86], [86, 87], [86, 90], [87, 88], [87, 90], [88, 89], [105, 106], [105, 116]], "missing_branches": [[88, 87]]}, "RadioBrowser.stats": {"executed_lines": [126, 127], "summary": {"covered_lines": 2, "num_statements": 2, "percent_covered": 100.0, "percent_covered_display": "100", "missing_lines": 0, "excluded_lines": 0, "num_branches": 0, "num_partial_branches": 0, "covered_branches": 0, "missing_branches": 0}, "missing_lines": [], "excluded_lines": [], "executed_branches": [], "missing_branches": []}, "RadioBrowser.station_click": {"executed_lines": [142], "summary": {"covered_lines": 1, "num_statements": 1, "percent_covered": 100.0, "percent_covered_display": "100", "missing_lines": 0, "excluded_lines": 0, "num_branches": 0, "num_partial_branches": 0, "covered_branches": 0, "missing_branches": 0}, "missing_lines": [], "excluded_lines": [], "executed_branches": [], "missing_branches": []}, "RadioBrowser.countries": {"executed_lines": [169, 180, 181, 182, 184, 185, 186, 187, 190, 191, 194], "summary": {"covered_lines": 11, "num_statements": 11, "percent_covered": 94.73684210526316, "percent_covered_display": "95", "missing_lines": 0, "excluded_lines": 0, "num_branches": 8, "num_partial_branches": 1, "covered_branches": 7, "missing_branches": 1}, "missing_lines": [], "excluded_lines": [], "executed_branches": [[181, 182], [181, 190], [184, 185], [184, 186], [186, 187], [190, 191], [190, 194]], "missing_branches": [[186, 181]]}, "RadioBrowser.languages": {"executed_lines": [221, 232, 233, 234, 237], "summary": {"covered_lines": 5, "num_statements": 5, "percent_covered": 100.0, "percent_covered_display": "100", "missing_lines": 0, "excluded_lines": 0, "num_branches": 2, "num_partial_branches": 0, "covered_branches": 2, "missing_branches": 0}, "missing_lines": [], "excluded_lines": [], "executed_branches": [[233, 234], [233, 237]], "missing_branches": []}, "RadioBrowser.search": {"executed_lines": [286, 287, 288, 289, 290, 292, 311, 313], "summary": {"covered_lines": 8, "num_statements": 8, "percent_covered": 91.66666666666667, "percent_covered_display": "92", "missing_lines": 0, "excluded_lines": 0, "num_branches": 4, "num_partial_branches": 1, "covered_branches": 3, "missing_branches": 1}, "missing_lines": [], "excluded_lines": [], "executed_branches": [[287, 288], [287, 292], [289, 290]], "missing_branches": [[289, 292]]}, "RadioBrowser.station": {"executed_lines": [327, 332, 333, 334], "summary": {"covered_lines": 4, "num_statements": 4, "percent_covered": 100.0, "percent_covered_display": "100", "missing_lines": 0, "excluded_lines": 0, "num_branches": 2, "num_partial_branches": 0, "covered_branches": 2, "missing_branches": 0}, "missing_lines": [], "excluded_lines": [], "executed_branches": [[332, 333], [332, 334]], "missing_branches": []}, "RadioBrowser.stations": {"executed_lines": [365, 366, 367, 368, 369, 371, 381, 383], "summary": {"covered_lines": 8, "num_statements": 8, "percent_covered": 91.66666666666667, "percent_covered_display": "92", "missing_lines": 0, "excluded_lines": 0, "num_branches": 4, "num_partial_branches": 1, "covered_branches": 3, "missing_branches": 1}, "missing_lines": [], "excluded_lines": [], "executed_branches": [[366, 367], [366, 371], [368, 369]], "missing_branches": [[368, 371]]}, "RadioBrowser.tags": {"executed_lines": [410, 420, 422], "summary": {"covered_lines": 3, "num_statements": 3, "percent_covered": 100.0, "percent_covered_display": "100", "missing_lines": 0, "excluded_lines": 0, "num_branches": 0, "num_partial_branches": 0, "covered_branches": 0, "missing_branches": 0}, "missing_lines": [], "excluded_lines": [], "executed_branches": [], "missing_branches": []}, "RadioBrowser.close": {"executed_lines": [426, 427], "summary": {"covered_lines": 2, "num_statements": 2, "percent_covered": 100.0, "percent_covered_display": "100", "missing_lines": 0, "excluded_lines": 0, "num_branches": 2, "num_partial_branches": 0, "covered_branches": 2, "missing_branches": 0}, "missing_lines": [], "excluded_lines": [], "executed_branches": [[426, -424], [426, 427]], "missing_branches": []}, "RadioBrowser.__aenter__": {"executed_lines": [437], "summary": {"covered_lines": 1, "num_statements": 1, "percent_covered": 100.0, "percent_covered_display": "100", "missing_lines": 0, "excluded_lines": 0, "num_branches": 0, "num_partial_branches": 0, "covered_branches": 0, "missing_branches": 0}, "missing_lines": [], "excluded_lines": [], "executed_branches": [], "missing_branches": []}, "RadioBrowser.__aexit__": {"executed_lines": [447], "summary": {"covered_lines": 1, "num_statements": 1, "percent_covered": 100.0, "percent_covered_display": "100", "missing_lines": 0, "excluded_lines": 0, "num_branches": 0, "num_partial_branches": 0, "covered_branches": 0, "missing_branches": 0}, "missing_lines": [], "excluded_lines": [], "executed_branches": [], "missing_branches": []}, "": {"executed_lines": [1, 3, 5, 6, 7, 8, 9, 11, 12, 13, 14, 15, 16, 17, 19, 20, 25, 28, 29, 30, 32, 34, 35, 37, 38, 40, 43, 118, 129, 145, 197, 240, 315, 337, 386, 424, 429, 439], "summary": {"covered_lines": 36, "num_statements": 36, "percent_covered": 100.0, "percent_covered_display": "100", "missing_lines": 0, "excluded_lines": 0, "num_branches": 0, "num_partial_branches": 0, "covered_branches": 0, "missing_branches": 0}, "missing_lines": [], "excluded_lines": [], "executed_branches": [], "missing_branches": []}}, "classes": {"RadioBrowser": {"executed_lines": [74, 75, 76, 77, 78, 80, 82, 83, 84, 86, 87, 88, 89, 90, 91, 92, 103, 104, 105, 106, 107, 108, 109, 110, 111, 112, 113, 114, 116, 126, 127, 142, 169, 180, 181, 182, 184, 185, 186, 187, 190, 191, 194, 221, 232, 233, 234, 237, 286, 287, 288, 289, 290, 292, 311, 313, 327, 332, 333, 334, 365, 366, 367, 368, 369, 371, 381, 383, 410, 420, 422, 426, 427, 437, 447], "summary": {"covered_lines": 75, "num_statements": 75, "percent_covered": 96.3302752293578, "percent_covered_display": "96", "missing_lines": 0, "excluded_lines": 0, "num_branches": 34, "num_partial_branches": 4, "covered_branches": 30, "missing_branches": 4}, "missing_lines": [], "excluded_lines": [], "executed_branches": [[74, 75], [74, 80], [82, 83], [82, 86], [86, 87], [86, 90], [87, 88], [87, 90], [88, 89], [105, 106], [105, 116], [181, 182], [181, 190], [184, 185], [184, 186], [186, 187], [190, 191], [190, 194], [233, 234], [233, 237], [287, 288], [287, 292], [289, 290], [332, 333], [332, 334], [366, 367], [366, 371], [368, 369], [426, -424], [426, 427]], "missing_branches": [[88, 87], [186, 181], [289, 292], [368, 371]]}, "": {"executed_lines": [1, 3, 5, 6, 7, 8, 9, 11, 12, 13, 14, 15, 16, 17, 19, 20, 25, 28, 29, 30, 32, 34, 35, 37, 38, 40, 43, 118, 129, 145, 197, 240, 315, 337, 386, 424, 429, 439], "summary": {"covered_lines": 36, "num_statements": 36, "percent_covered": 100.0, "percent_covered_display": "100", "missing_lines": 0, "excluded_lines": 0, "num_branches": 0, "num_partial_branches": 0, "covered_branches": 0, "missing_branches": 0}, "missing_lines": [], "excluded_lines": [], "executed_branches": [], "missing_branches": []}}}, "tests/__init__.py": {"executed_lines": [1, 3, 6], "summary": {"covered_lines": 2, "num_statements": 4, "percent_covered": 50.0, "percent_covered_display": "50", "missing_lines": 2, "excluded_lines": 0, "num_branches": 0, "num_partial_branches": 0, "covered_branches": 0, "missing_branches": 0}, "missing_lines": [8, 9], "excluded_lines": [], "executed_branches": [], "missing_branches": [], "functions": {"load_fixture": {"executed_lines": [], "summary": {"covered_lines": 0, "num_statements": 2, "percent_covered": 0.0, "percent_covered_display": "0", "missing_lines": 2, "excluded_lines": 0, "num_branches": 0, "num_partial_branches": 0, "covered_branches": 0, "missing_branches": 0}, "missing_lines": [8, 9], "excluded_lines": [], "executed_branches": [], "missing_branches": []}, "": {"executed_lines": [1, 3, 6], "summary": {"covered_lines": 2, "num_statements": 2, "percent_covered": 100.0, "percent_covered_display": "100", "missing_lines": 0, "excluded_lines": 0, "num_branches": 0, "num_partial_branches": 0, "covered_branches": 0, "missing_branches": 0}, "missing_lines": [], "excluded_lines": [], "executed_branches": [], "missing_branches": []}}, "classes": {"": {"executed_lines": [1, 3, 6], "summary": {"covered_lines": 2, "num_statements": 4, "percent_covered": 50.0, "percent_covered_display": "50", "missing_lines": 2, "excluded_lines": 0, "num_branches": 0, "num_partial_branches": 0, "covered_branches": 0, "missing_branches": 0}, "missing_lines": [8, 9], "excluded_lines": [], "executed_branches": [], "missing_branches": []}}}, "tests/test_radio_browser.py": {"executed_lines": [1, 2, 3, 4, 6, 7, 8, 9, 10, 12, 13, 18, 19, 22, 23, 25, 28, 29, 31, 32, 33, 34, 35, 36, 39, 40, 46, 47, 56, 57, 59, 60, 62, 63, 64, 65, 66, 67, 69, 71, 74, 76, 77, 79, 80, 81, 82, 83, 84, 85, 86, 88, 89, 90, 91, 93, 94, 96, 97, 98, 99, 100, 101, 102, 103, 105, 107, 108, 110, 111, 113, 114, 115, 116, 118, 119, 121, 123, 124, 126, 127, 128, 129, 131, 132, 134, 136, 137, 139, 140, 141, 142, 144, 145, 147, 149, 150, 152, 153, 154, 155, 156, 157, 158, 159, 161, 162, 164, 165, 167, 168, 169, 170, 171, 172, 173, 175, 177, 178, 179, 181, 182, 184, 197, 198, 200, 202, 203, 204, 205, 206, 207, 208, 209, 210, 211, 212, 213, 215, 216, 218, 219, 221, 223, 225, 226, 228, 243, 244, 246, 248, 259, 260, 263, 264, 265, 267, 268, 269, 271, 272, 274, 281, 282, 284, 292, 303, 304, 306, 307, 309, 322, 323, 325, 327, 338, 339, 342, 343, 344, 345, 346, 347, 349, 350, 352, 360, 361, 363, 371, 382, 383, 384, 386, 387, 389, 424, 425, 427, 429, 449, 450, 451, 452, 454, 455, 457, 492, 493, 495, 513, 533, 534, 536, 537, 539, 574, 575, 577, 579, 585, 586, 587, 589, 590, 592, 593, 595, 597, 603, 605, 606, 608, 643, 644, 646, 648, 659, 660, 661, 662, 664, 665, 667, 702, 703, 705, 715, 726, 727, 729, 730, 732, 743, 744, 746, 748, 759, 760, 761, 762, 763, 764, 766, 767, 769, 776, 777, 779, 787, 798, 799, 800, 801, 803, 804, 806, 807, 808, 810, 812, 814, 815, 817, 819, 821, 822, 824, 825, 826, 828, 830, 832, 833, 835, 836, 838, 839, 841, 842, 843, 845, 846, 848, 849, 850, 852], "summary": {"covered_lines": 306, "num_statements": 313, "percent_covered": 97.76357827476038, "percent_covered_display": "98", "missing_lines": 7, "excluded_lines": 0, "num_branches": 0, "num_partial_branches": 0, "covered_branches": 0, "missing_branches": 0}, "missing_lines": [42, 43, 49, 50, 51, 52, 53], "excluded_lines": [], "executed_branches": [], "missing_branches": [], "functions": {"radio_browser": {"executed_lines": [25], "summary": {"covered_lines": 1, "num_statements": 1, "percent_covered": 100.0, "percent_covered_display": "100", "missing_lines": 0, "excluded_lines": 0, "num_branches": 0, "num_partial_branches": 0, "covered_branches": 0, "missing_branches": 0}, "missing_lines": [], "excluded_lines": [], "executed_branches": [], "missing_branches": []}, "mock_dns_resolver": {"executed_lines": [31, 32, 33, 34, 35, 36], "summary": {"covered_lines": 6, "num_statements": 6, "percent_covered": 100.0, "percent_covered_display": "100", "missing_lines": 0, "excluded_lines": 0, "num_branches": 0, "num_partial_branches": 0, "covered_branches": 0, "missing_branches": 0}, "missing_lines": [], "excluded_lines": [], "executed_branches": [], "missing_branches": []}, "mock_session": {"executed_lines": [], "summary": {"covered_lines": 0, "num_statements": 2, "percent_covered": 0.0, "percent_covered_display": "0", "missing_lines": 2, "excluded_lines": 0, "num_branches": 0, "num_partial_branches": 0, "covered_branches": 0, "missing_branches": 0}, "missing_lines": [42, 43], "excluded_lines": [], "executed_branches": [], "missing_branches": []}, "mock_response": {"executed_lines": [], "summary": {"covered_lines": 0, "num_statements": 5, "percent_covered": 0.0, "percent_covered_display": "0", "missing_lines": 5, "excluded_lines": 0, "num_branches": 0, "num_partial_branches": 0, "covered_branches": 0, "missing_branches": 0}, "missing_lines": [49, 50, 51, 52, 53], "excluded_lines": [], "executed_branches": [], "missing_branches": []}, "TestRadioBrowser.test_request_dns_resolution": {"executed_lines": [62, 63, 64, 65, 66, 67, 69, 71, 74], "summary": {"covered_lines": 9, "num_statements": 9, "percent_covered": 100.0, "percent_covered_display": "100", "missing_lines": 0, "excluded_lines": 0, "num_branches": 0, "num_partial_branches": 0, "covered_branches": 0, "missing_branches": 0}, "missing_lines": [], "excluded_lines": [], "executed_branches": [], "missing_branches": []}, "TestRadioBrowser.test_request_creates_session_if_none": {"executed_lines": [79, 80, 81, 82, 83, 84, 85, 86, 88, 89, 90, 91], "summary": {"covered_lines": 12, "num_statements": 12, "percent_covered": 100.0, "percent_covered_display": "100", "missing_lines": 0, "excluded_lines": 0, "num_branches": 0, "num_partial_branches": 0, "covered_branches": 0, "missing_branches": 0}, "missing_lines": [], "excluded_lines": [], "executed_branches": [], "missing_branches": []}, "TestRadioBrowser.test_request_uses_existing_session": {"executed_lines": [96, 97, 98, 99, 100, 101, 102, 103, 105, 107, 108], "summary": {"covered_lines": 11, "num_statements": 11, "percent_covered": 100.0, "percent_covered_display": "100", "missing_lines": 0, "excluded_lines": 0, "num_branches": 0, "num_partial_branches": 0, "covered_branches": 0, "missing_branches": 0}, "missing_lines": [], "excluded_lines": [], "executed_branches": [], "missing_branches": []}, "TestRadioBrowser.test_request_timeout": {"executed_lines": [113, 114, 115, 116, 118, 119, 121], "summary": {"covered_lines": 7, "num_statements": 7, "percent_covered": 100.0, "percent_covered_display": "100", "missing_lines": 0, "excluded_lines": 0, "num_branches": 0, "num_partial_branches": 0, "covered_branches": 0, "missing_branches": 0}, "missing_lines": [], "excluded_lines": [], "executed_branches": [], "missing_branches": []}, "TestRadioBrowser.test_request_client_error": {"executed_lines": [126, 127, 128, 129, 131, 132, 134], "summary": {"covered_lines": 7, "num_statements": 7, "percent_covered": 100.0, "percent_covered_display": "100", "missing_lines": 0, "excluded_lines": 0, "num_branches": 0, "num_partial_branches": 0, "covered_branches": 0, "missing_branches": 0}, "missing_lines": [], "excluded_lines": [], "executed_branches": [], "missing_branches": []}, "TestRadioBrowser.test_request_socket_error": {"executed_lines": [139, 140, 141, 142, 144, 145, 147], "summary": {"covered_lines": 7, "num_statements": 7, "percent_covered": 100.0, "percent_covered_display": "100", "missing_lines": 0, "excluded_lines": 0, "num_branches": 0, "num_partial_branches": 0, "covered_branches": 0, "missing_branches": 0}, "missing_lines": [], "excluded_lines": [], "executed_branches": [], "missing_branches": []}, "TestRadioBrowser.test_request_invalid_content_type": {"executed_lines": [152, 153, 154, 155, 156, 157, 158, 159, 161, 162], "summary": {"covered_lines": 10, "num_statements": 10, "percent_covered": 100.0, "percent_covered_display": "100", "missing_lines": 0, "excluded_lines": 0, "num_branches": 0, "num_partial_branches": 0, "covered_branches": 0, "missing_branches": 0}, "missing_lines": [], "excluded_lines": [], "executed_branches": [], "missing_branches": []}, "TestRadioBrowser.test_request_boolean_params": {"executed_lines": [167, 168, 169, 170, 171, 172, 173, 175, 177, 178, 179], "summary": {"covered_lines": 11, "num_statements": 11, "percent_covered": 100.0, "percent_covered_display": "100", "missing_lines": 0, "excluded_lines": 0, "num_branches": 0, "num_partial_branches": 0, "covered_branches": 0, "missing_branches": 0}, "missing_lines": [], "excluded_lines": [], "executed_branches": [], "missing_branches": []}, "TestRadioBrowser.test_stats": {"executed_lines": [184, 197, 198, 200, 202, 203, 204, 205, 206, 207, 208, 209, 210, 211, 212, 213], "summary": {"covered_lines": 16, "num_statements": 16, "percent_covered": 100.0, "percent_covered_display": "100", "missing_lines": 0, "excluded_lines": 0, "num_branches": 0, "num_partial_branches": 0, "covered_branches": 0, "missing_branches": 0}, "missing_lines": [], "excluded_lines": [], "executed_branches": [], "missing_branches": []}, "TestRadioBrowser.test_station_click": {"executed_lines": [218, 219, 221, 223], "summary": {"covered_lines": 4, "num_statements": 4, "percent_covered": 100.0, "percent_covered_display": "100", "missing_lines": 0, "excluded_lines": 0, "num_branches": 0, "num_partial_branches": 0, "covered_branches": 0, "missing_branches": 0}, "missing_lines": [], "excluded_lines": [], "executed_branches": [], "missing_branches": []}, "TestRadioBrowser.test_countries": {"executed_lines": [228, 243, 244, 246, 248, 259, 260, 263, 264, 265, 267, 268, 269], "summary": {"covered_lines": 13, "num_statements": 13, "percent_covered": 100.0, "percent_covered_display": "100", "missing_lines": 0, "excluded_lines": 0, "num_branches": 0, "num_partial_branches": 0, "covered_branches": 0, "missing_branches": 0}, "missing_lines": [], "excluded_lines": [], "executed_branches": [], "missing_branches": []}, "TestRadioBrowser.test_countries_with_custom_parameters": {"executed_lines": [274, 281, 282, 284, 292, 303, 304], "summary": {"covered_lines": 7, "num_statements": 7, "percent_covered": 100.0, "percent_covered_display": "100", "missing_lines": 0, "excluded_lines": 0, "num_branches": 0, "num_partial_branches": 0, "covered_branches": 0, "missing_branches": 0}, "missing_lines": [], "excluded_lines": [], "executed_branches": [], "missing_branches": []}, "TestRadioBrowser.test_languages": {"executed_lines": [309, 322, 323, 325, 327, 338, 339, 342, 343, 344, 345, 346, 347], "summary": {"covered_lines": 13, "num_statements": 13, "percent_covered": 100.0, "percent_covered_display": "100", "missing_lines": 0, "excluded_lines": 0, "num_branches": 0, "num_partial_branches": 0, "covered_branches": 0, "missing_branches": 0}, "missing_lines": [], "excluded_lines": [], "executed_branches": [], "missing_branches": []}, "TestRadioBrowser.test_languages_with_custom_parameters": {"executed_lines": [352, 360, 361, 363, 371, 382, 383, 384], "summary": {"covered_lines": 8, "num_statements": 8, "percent_covered": 100.0, "percent_covered_display": "100", "missing_lines": 0, "excluded_lines": 0, "num_branches": 0, "num_partial_branches": 0, "covered_branches": 0, "missing_branches": 0}, "missing_lines": [], "excluded_lines": [], "executed_branches": [], "missing_branches": []}, "TestRadioBrowser.test_search_basic": {"executed_lines": [389, 424, 425, 427, 429, 449, 450, 451, 452], "summary": {"covered_lines": 9, "num_statements": 9, "percent_covered": 100.0, "percent_covered_display": "100", "missing_lines": 0, "excluded_lines": 0, "num_branches": 0, "num_partial_branches": 0, "covered_branches": 0, "missing_branches": 0}, "missing_lines": [], "excluded_lines": [], "executed_branches": [], "missing_branches": []}, "TestRadioBrowser.test_search_with_filter": {"executed_lines": [457, 492, 493, 495, 513, 533, 534], "summary": {"covered_lines": 7, "num_statements": 7, "percent_covered": 100.0, "percent_covered_display": "100", "missing_lines": 0, "excluded_lines": 0, "num_branches": 0, "num_partial_branches": 0, "covered_branches": 0, "missing_branches": 0}, "missing_lines": [], "excluded_lines": [], "executed_branches": [], "missing_branches": []}, "TestRadioBrowser.test_station_found": {"executed_lines": [539, 574, 575, 577, 579, 585, 586, 587], "summary": {"covered_lines": 8, "num_statements": 8, "percent_covered": 100.0, "percent_covered_display": "100", "missing_lines": 0, "excluded_lines": 0, "num_branches": 0, "num_partial_branches": 0, "covered_branches": 0, "missing_branches": 0}, "missing_lines": [], "excluded_lines": [], "executed_branches": [], "missing_branches": []}, "TestRadioBrowser.test_station_not_found": {"executed_lines": [592, 593, 595, 597, 603], "summary": {"covered_lines": 5, "num_statements": 5, "percent_covered": 100.0, "percent_covered_display": "100", "missing_lines": 0, "excluded_lines": 0, "num_branches": 0, "num_partial_branches": 0, "covered_branches": 0, "missing_branches": 0}, "missing_lines": [], "excluded_lines": [], "executed_branches": [], "missing_branches": []}, "TestRadioBrowser.test_stations_basic": {"executed_lines": [608, 643, 644, 646, 648, 659, 660, 661, 662], "summary": {"covered_lines": 9, "num_statements": 9, "percent_covered": 100.0, "percent_covered_display": "100", "missing_lines": 0, "excluded_lines": 0, "num_branches": 0, "num_partial_branches": 0, "covered_branches": 0, "missing_branches": 0}, "missing_lines": [], "excluded_lines": [], "executed_branches": [], "missing_branches": []}, "TestRadioBrowser.test_stations_with_filter": {"executed_lines": [667, 702, 703, 705, 715, 726, 727], "summary": {"covered_lines": 7, "num_statements": 7, "percent_covered": 100.0, "percent_covered_display": "100", "missing_lines": 0, "excluded_lines": 0, "num_branches": 0, "num_partial_branches": 0, "covered_branches": 0, "missing_branches": 0}, "missing_lines": [], "excluded_lines": [], "executed_branches": [], "missing_branches": []}, "TestRadioBrowser.test_tags": {"executed_lines": [732, 743, 744, 746, 748, 759, 760, 761, 762, 763, 764], "summary": {"covered_lines": 11, "num_statements": 11, "percent_covered": 100.0, "percent_covered_display": "100", "missing_lines": 0, "excluded_lines": 0, "num_branches": 0, "num_partial_branches": 0, "covered_branches": 0, "missing_branches": 0}, "missing_lines": [], "excluded_lines": [], "executed_branches": [], "missing_branches": []}, "TestRadioBrowser.test_tags_with_custom_parameters": {"executed_lines": [769, 776, 777, 779, 787, 798, 799, 800, 801], "summary": {"covered_lines": 9, "num_statements": 9, "percent_covered": 100.0, "percent_covered_display": "100", "missing_lines": 0, "excluded_lines": 0, "num_branches": 0, "num_partial_branches": 0, "covered_branches": 0, "missing_branches": 0}, "missing_lines": [], "excluded_lines": [], "executed_branches": [], "missing_branches": []}, "TestRadioBrowser.test_close": {"executed_lines": [806, 807, 808, 810, 812], "summary": {"covered_lines": 5, "num_statements": 5, "percent_covered": 100.0, "percent_covered_display": "100", "missing_lines": 0, "excluded_lines": 0, "num_branches": 0, "num_partial_branches": 0, "covered_branches": 0, "missing_branches": 0}, "missing_lines": [], "excluded_lines": [], "executed_branches": [], "missing_branches": []}, "TestRadioBrowser.test_close_no_session": {"executed_lines": [817, 819], "summary": {"covered_lines": 2, "num_statements": 2, "percent_covered": 100.0, "percent_covered_display": "100", "missing_lines": 0, "excluded_lines": 0, "num_branches": 0, "num_partial_branches": 0, "covered_branches": 0, "missing_branches": 0}, "missing_lines": [], "excluded_lines": [], "executed_branches": [], "missing_branches": []}, "TestRadioBrowser.test_close_not_owned_session": {"executed_lines": [824, 825, 826, 828, 830], "summary": {"covered_lines": 5, "num_statements": 5, "percent_covered": 100.0, "percent_covered_display": "100", "missing_lines": 0, "excluded_lines": 0, "num_branches": 0, "num_partial_branches": 0, "covered_branches": 0, "missing_branches": 0}, "missing_lines": [], "excluded_lines": [], "executed_branches": [], "missing_branches": []}, "TestRadioBrowser.test_aenter": {"executed_lines": [835, 836], "summary": {"covered_lines": 2, "num_statements": 2, "percent_covered": 100.0, "percent_covered_display": "100", "missing_lines": 0, "excluded_lines": 0, "num_branches": 0, "num_partial_branches": 0, "covered_branches": 0, "missing_branches": 0}, "missing_lines": [], "excluded_lines": [], "executed_branches": [], "missing_branches": []}, "TestRadioBrowser.test_aexit": {"executed_lines": [841, 842, 843], "summary": {"covered_lines": 3, "num_statements": 3, "percent_covered": 100.0, "percent_covered_display": "100", "missing_lines": 0, "excluded_lines": 0, "num_branches": 0, "num_partial_branches": 0, "covered_branches": 0, "missing_branches": 0}, "missing_lines": [], "excluded_lines": [], "executed_branches": [], "missing_branches": []}, "TestRadioBrowser.test_async_context_manager": {"executed_lines": [848, 849, 850, 852], "summary": {"covered_lines": 4, "num_statements": 4, "percent_covered": 100.0, "percent_covered_display": "100", "missing_lines": 0, "excluded_lines": 0, "num_branches": 0, "num_partial_branches": 0, "covered_branches": 0, "missing_branches": 0}, "missing_lines": [], "excluded_lines": [], "executed_branches": [], "missing_branches": []}, "": {"executed_lines": [1, 2, 3, 4, 6, 7, 8, 9, 10, 12, 13, 18, 19, 22, 23, 28, 29, 39, 40, 46, 47, 56, 57, 59, 60, 76, 77, 93, 94, 110, 111, 123, 124, 136, 137, 149, 150, 164, 165, 181, 182, 215, 216, 225, 226, 271, 272, 306, 307, 349, 350, 386, 387, 454, 455, 536, 537, 589, 590, 605, 606, 664, 665, 729, 730, 766, 767, 803, 804, 814, 815, 821, 822, 832, 833, 838, 839, 845, 846], "summary": {"covered_lines": 78, "num_statements": 78, "percent_covered": 100.0, "percent_covered_display": "100", "missing_lines": 0, "excluded_lines": 0, "num_branches": 0, "num_partial_branches": 0, "covered_branches": 0, "missing_branches": 0}, "missing_lines": [], "excluded_lines": [], "executed_branches": [], "missing_branches": []}}, "classes": {"TestRadioBrowser": {"executed_lines": [62, 63, 64, 65, 66, 67, 69, 71, 74, 79, 80, 81, 82, 83, 84, 85, 86, 88, 89, 90, 91, 96, 97, 98, 99, 100, 101, 102, 103, 105, 107, 108, 113, 114, 115, 116, 118, 119, 121, 126, 127, 128, 129, 131, 132, 134, 139, 140, 141, 142, 144, 145, 147, 152, 153, 154, 155, 156, 157, 158, 159, 161, 162, 167, 168, 169, 170, 171, 172, 173, 175, 177, 178, 179, 184, 197, 198, 200, 202, 203, 204, 205, 206, 207, 208, 209, 210, 211, 212, 213, 218, 219, 221, 223, 228, 243, 244, 246, 248, 259, 260, 263, 264, 265, 267, 268, 269, 274, 281, 282, 284, 292, 303, 304, 309, 322, 323, 325, 327, 338, 339, 342, 343, 344, 345, 346, 347, 352, 360, 361, 363, 371, 382, 383, 384, 389, 424, 425, 427, 429, 449, 450, 451, 452, 457, 492, 493, 495, 513, 533, 534, 539, 574, 575, 577, 579, 585, 586, 587, 592, 593, 595, 597, 603, 608, 643, 644, 646, 648, 659, 660, 661, 662, 667, 702, 703, 705, 715, 726, 727, 732, 743, 744, 746, 748, 759, 760, 761, 762, 763, 764, 769, 776, 777, 779, 787, 798, 799, 800, 801, 806, 807, 808, 810, 812, 817, 819, 824, 825, 826, 828, 830, 835, 836, 841, 842, 843, 848, 849, 850, 852], "summary": {"covered_lines": 221, "num_statements": 221, "percent_covered": 100.0, "percent_covered_display": "100", "missing_lines": 0, "excluded_lines": 0, "num_branches": 0, "num_partial_branches": 0, "covered_branches": 0, "missing_branches": 0}, "missing_lines": [], "excluded_lines": [], "executed_branches": [], "missing_branches": []}, "": {"executed_lines": [1, 2, 3, 4, 6, 7, 8, 9, 10, 12, 13, 18, 19, 22, 23, 25, 28, 29, 31, 32, 33, 34, 35, 36, 39, 40, 46, 47, 56, 57, 59, 60, 76, 77, 93, 94, 110, 111, 123, 124, 136, 137, 149, 150, 164, 165, 181, 182, 215, 216, 225, 226, 271, 272, 306, 307, 349, 350, 386, 387, 454, 455, 536, 537, 589, 590, 605, 606, 664, 665, 729, 730, 766, 767, 803, 804, 814, 815, 821, 822, 832, 833, 838, 839, 845, 846], "summary": {"covered_lines": 85, "num_statements": 92, "percent_covered": 92.3913043478261, "percent_covered_display": "92", "missing_lines": 7, "excluded_lines": 0, "num_branches": 0, "num_partial_branches": 0, "covered_branches": 0, "missing_branches": 0}, "missing_lines": [42, 43, 49, 50, 51, 52, 53], "excluded_lines": [], "executed_branches": [], "missing_branches": []}}}, "tests/test_radios.py": {"executed_lines": [1, 4, 5, 7, 10, 12, 22, 23, 24, 25, 26], "summary": {"covered_lines": 10, "num_statements": 10, "percent_covered": 100.0, "percent_covered_display": "100", "missing_lines": 0, "excluded_lines": 0, "num_branches": 0, "num_partial_branches": 0, "covered_branches": 0, "missing_branches": 0}, "missing_lines": [], "excluded_lines": [], "executed_branches": [], "missing_branches": [], "functions": {"test_json_request": {"executed_lines": [12, 22, 23, 24, 25, 26], "summary": {"covered_lines": 6, "num_statements": 6, "percent_covered": 100.0, "percent_covered_display": "100", "missing_lines": 0, "excluded_lines": 0, "num_branches": 0, "num_partial_branches": 0, "covered_branches": 0, "missing_branches": 0}, "missing_lines": [], "excluded_lines": [], "executed_branches": [], "missing_branches": []}, "": {"executed_lines": [1, 4, 5, 7, 10], "summary": {"covered_lines": 4, "num_statements": 4, "percent_covered": 100.0, "percent_covered_display": "100", "missing_lines": 0, "excluded_lines": 0, "num_branches": 0, "num_partial_branches": 0, "covered_branches": 0, "missing_branches": 0}, "missing_lines": [], "excluded_lines": [], "executed_branches": [], "missing_branches": []}}, "classes": {"": {"executed_lines": [1, 4, 5, 7, 10, 12, 22, 23, 24, 25, 26], "summary": {"covered_lines": 10, "num_statements": 10, "percent_covered": 100.0, "percent_covered_display": "100", "missing_lines": 0, "excluded_lines": 0, "num_branches": 0, "num_partial_branches": 0, "covered_branches": 0, "missing_branches": 0}, "missing_lines": [], "excluded_lines": [], "executed_branches": [], "missing_branches": []}}}}, "totals": {"covered_lines": 550, "num_statements": 567, "percent_covered": 95.86776859504133, "percent_covered_display": "96", "missing_lines": 17, "excluded_lines": 0, "num_branches": 38, "num_partial_branches": 4, "covered_branches": 30, "missing_branches": 8}}